mode: set
github.com/caiojorge/fiap-challenge-ddd/internal/core/domain/valueobject/cpf.go:12.41,19.16 3 1
github.com/caiojorge/fiap-challenge-ddd/internal/core/domain/valueobject/cpf.go:19.16,21.3 1 1
github.com/caiojorge/fiap-challenge-ddd/internal/core/domain/valueobject/cpf.go:23.2,23.17 1 1
github.com/caiojorge/fiap-challenge-ddd/internal/core/domain/valueobject/cpf.go:26.33,28.2 1 1
github.com/caiojorge/fiap-challenge-ddd/internal/core/domain/valueobject/cpf.go:30.32,36.2 3 1
github.com/caiojorge/fiap-challenge-ddd/internal/core/domain/valueobject/cpf.go:38.40,42.16 3 1
github.com/caiojorge/fiap-challenge-ddd/internal/core/domain/valueobject/cpf.go:42.16,44.3 1 0
github.com/caiojorge/fiap-challenge-ddd/internal/core/domain/valueobject/cpf.go:46.2,46.26 1 1
github.com/caiojorge/fiap-challenge-ddd/internal/core/domain/valueobject/cpf.go:49.37,53.2 2 1
github.com/caiojorge/fiap-challenge-ddd/internal/core/domain/entity/checkout.go:22.101,25.16 2 0
github.com/caiojorge/fiap-challenge-ddd/internal/core/domain/entity/checkout.go:25.16,27.3 1 0
github.com/caiojorge/fiap-challenge-ddd/internal/core/domain/entity/checkout.go:29.2,37.8 1 0
github.com/caiojorge/fiap-challenge-ddd/internal/core/domain/entity/checkout.go:40.82,42.16 2 0
github.com/caiojorge/fiap-challenge-ddd/internal/core/domain/entity/checkout.go:42.16,44.3 1 0
github.com/caiojorge/fiap-challenge-ddd/internal/core/domain/entity/checkout.go:46.2,52.16 6 0
github.com/caiojorge/fiap-challenge-ddd/internal/core/domain/entity/checkout.go:52.16,54.3 1 0
github.com/caiojorge/fiap-challenge-ddd/internal/core/domain/entity/checkout.go:56.2,56.12 1 0
github.com/caiojorge/fiap-challenge-ddd/internal/core/domain/entity/checkout.go:59.37,60.21 1 0
github.com/caiojorge/fiap-challenge-ddd/internal/core/domain/entity/checkout.go:60.21,62.3 1 0
github.com/caiojorge/fiap-challenge-ddd/internal/core/domain/entity/checkout.go:64.2,64.21 1 0
github.com/caiojorge/fiap-challenge-ddd/internal/core/domain/entity/checkout.go:64.21,66.3 1 0
github.com/caiojorge/fiap-challenge-ddd/internal/core/domain/entity/checkout.go:68.2,68.23 1 0
github.com/caiojorge/fiap-challenge-ddd/internal/core/domain/entity/checkout.go:68.23,70.3 1 0
github.com/caiojorge/fiap-challenge-ddd/internal/core/domain/entity/checkout.go:72.2,72.25 1 0
github.com/caiojorge/fiap-challenge-ddd/internal/core/domain/entity/checkout.go:72.25,74.3 1 0
github.com/caiojorge/fiap-challenge-ddd/internal/core/domain/entity/checkout.go:74.8,77.17 3 0
github.com/caiojorge/fiap-challenge-ddd/internal/core/domain/entity/checkout.go:77.17,79.4 1 0
github.com/caiojorge/fiap-challenge-ddd/internal/core/domain/entity/checkout.go:86.2,86.12 1 0
github.com/caiojorge/fiap-challenge-ddd/internal/core/domain/entity/customer.go:17.64,19.16 2 0
github.com/caiojorge/fiap-challenge-ddd/internal/core/domain/entity/customer.go:19.16,21.3 1 0
github.com/caiojorge/fiap-challenge-ddd/internal/core/domain/entity/customer.go:22.2,26.22 2 0
github.com/caiojorge/fiap-challenge-ddd/internal/core/domain/entity/customer.go:30.70,31.16 1 1
github.com/caiojorge/fiap-challenge-ddd/internal/core/domain/entity/customer.go:31.16,34.3 1 1
github.com/caiojorge/fiap-challenge-ddd/internal/core/domain/entity/customer.go:36.2,38.8 1 1
github.com/caiojorge/fiap-challenge-ddd/internal/core/domain/entity/customer.go:41.78,50.44 2 1
github.com/caiojorge/fiap-challenge-ddd/internal/core/domain/entity/customer.go:50.44,52.3 1 0
github.com/caiojorge/fiap-challenge-ddd/internal/core/domain/entity/customer.go:54.2,54.22 1 1
github.com/caiojorge/fiap-challenge-ddd/internal/core/domain/entity/customer.go:58.63,63.37 3 1
github.com/caiojorge/fiap-challenge-ddd/internal/core/domain/entity/customer.go:63.37,65.3 1 0
github.com/caiojorge/fiap-challenge-ddd/internal/core/domain/entity/customer.go:67.2,67.12 1 1
github.com/caiojorge/fiap-challenge-ddd/internal/core/domain/entity/customer.go:72.46,74.2 1 1
github.com/caiojorge/fiap-challenge-ddd/internal/core/domain/entity/customer.go:76.37,78.2 1 1
github.com/caiojorge/fiap-challenge-ddd/internal/core/domain/entity/customer.go:80.38,82.2 1 1
github.com/caiojorge/fiap-challenge-ddd/internal/core/domain/entity/customer.go:85.37,87.28 1 1
github.com/caiojorge/fiap-challenge-ddd/internal/core/domain/entity/customer.go:87.28,89.3 1 0
github.com/caiojorge/fiap-challenge-ddd/internal/core/domain/entity/customer.go:91.2,91.18 1 1
github.com/caiojorge/fiap-challenge-ddd/internal/core/domain/entity/customer.go:91.18,93.3 1 0
github.com/caiojorge/fiap-challenge-ddd/internal/core/domain/entity/customer.go:95.2,95.48 1 1
github.com/caiojorge/fiap-challenge-ddd/internal/core/domain/entity/customer.go:95.48,97.3 1 0
github.com/caiojorge/fiap-challenge-ddd/internal/core/domain/entity/customer.go:99.2,99.12 1 1
github.com/caiojorge/fiap-challenge-ddd/internal/core/domain/entity/customer.go:103.41,107.2 2 1
github.com/caiojorge/fiap-challenge-ddd/internal/core/domain/entity/kitchen.go:18.78,22.56 3 0
github.com/caiojorge/fiap-challenge-ddd/internal/core/domain/entity/kitchen.go:22.56,24.3 1 0
github.com/caiojorge/fiap-challenge-ddd/internal/core/domain/entity/kitchen.go:24.8,26.3 1 0
github.com/caiojorge/fiap-challenge-ddd/internal/core/domain/entity/kitchen.go:28.2,35.3 1 0
github.com/caiojorge/fiap-challenge-ddd/internal/core/domain/entity/order.go:24.43,27.16 2 1
github.com/caiojorge/fiap-challenge-ddd/internal/core/domain/entity/order.go:27.16,29.3 1 0
github.com/caiojorge/fiap-challenge-ddd/internal/core/domain/entity/order.go:31.2,38.15 2 1
github.com/caiojorge/fiap-challenge-ddd/internal/core/domain/entity/order.go:42.63,44.16 2 0
github.com/caiojorge/fiap-challenge-ddd/internal/core/domain/entity/order.go:44.16,46.3 1 0
github.com/caiojorge/fiap-challenge-ddd/internal/core/domain/entity/order.go:48.2,57.16 3 0
github.com/caiojorge/fiap-challenge-ddd/internal/core/domain/entity/order.go:57.16,59.3 1 0
github.com/caiojorge/fiap-challenge-ddd/internal/core/domain/entity/order.go:61.2,61.20 1 0
github.com/caiojorge/fiap-challenge-ddd/internal/core/domain/entity/order.go:67.33,70.16 2 1
github.com/caiojorge/fiap-challenge-ddd/internal/core/domain/entity/order.go:70.16,72.3 1 0
github.com/caiojorge/fiap-challenge-ddd/internal/core/domain/entity/order.go:74.2,78.31 4 1
github.com/caiojorge/fiap-challenge-ddd/internal/core/domain/entity/order.go:78.31,80.3 1 1
github.com/caiojorge/fiap-challenge-ddd/internal/core/domain/entity/order.go:83.2,87.16 3 1
github.com/caiojorge/fiap-challenge-ddd/internal/core/domain/entity/order.go:87.16,89.3 1 0
github.com/caiojorge/fiap-challenge-ddd/internal/core/domain/entity/order.go:91.2,91.12 1 1
github.com/caiojorge/fiap-challenge-ddd/internal/core/domain/entity/order.go:94.43,96.2 1 0
github.com/caiojorge/fiap-challenge-ddd/internal/core/domain/entity/order.go:98.37,99.25 1 0
github.com/caiojorge/fiap-challenge-ddd/internal/core/domain/entity/order.go:99.25,101.3 1 0
github.com/caiojorge/fiap-challenge-ddd/internal/core/domain/entity/order.go:104.32,106.2 1 0
github.com/caiojorge/fiap-challenge-ddd/internal/core/domain/entity/order.go:108.34,110.53 1 1
github.com/caiojorge/fiap-challenge-ddd/internal/core/domain/entity/order.go:110.53,114.17 3 1
github.com/caiojorge/fiap-challenge-ddd/internal/core/domain/entity/order.go:114.17,116.4 1 0
github.com/caiojorge/fiap-challenge-ddd/internal/core/domain/entity/order.go:119.2,119.23 1 1
github.com/caiojorge/fiap-challenge-ddd/internal/core/domain/entity/order.go:119.23,121.3 1 1
github.com/caiojorge/fiap-challenge-ddd/internal/core/domain/entity/order.go:123.2,123.12 1 1
github.com/caiojorge/fiap-challenge-ddd/internal/core/domain/entity/order.go:126.42,128.2 1 1
github.com/caiojorge/fiap-challenge-ddd/internal/core/domain/entity/order.go:130.45,131.28 1 0
github.com/caiojorge/fiap-challenge-ddd/internal/core/domain/entity/order.go:131.28,132.16 1 0
github.com/caiojorge/fiap-challenge-ddd/internal/core/domain/entity/order.go:132.16,134.4 1 0
github.com/caiojorge/fiap-challenge-ddd/internal/core/domain/entity/order.go:138.34,140.31 1 1
github.com/caiojorge/fiap-challenge-ddd/internal/core/domain/entity/order.go:140.31,141.58 1 1
github.com/caiojorge/fiap-challenge-ddd/internal/core/domain/entity/order.go:141.58,143.4 1 1
github.com/caiojorge/fiap-challenge-ddd/internal/core/domain/entity/order.go:147.31,149.2 1 0
github.com/caiojorge/fiap-challenge-ddd/internal/core/domain/entity/order.go:151.23,153.2 1 0
github.com/caiojorge/fiap-challenge-ddd/internal/core/domain/entity/order.go:155.27,157.2 1 0
github.com/caiojorge/fiap-challenge-ddd/internal/core/domain/entity/order.go:159.27,161.2 1 0
github.com/caiojorge/fiap-challenge-ddd/internal/core/domain/entity/order.go:163.26,165.2 1 0
github.com/caiojorge/fiap-challenge-ddd/internal/core/domain/entity/order_item.go:19.86,29.16 3 1
github.com/caiojorge/fiap-challenge-ddd/internal/core/domain/entity/order_item.go:29.16,31.3 1 0
github.com/caiojorge/fiap-challenge-ddd/internal/core/domain/entity/order_item.go:33.2,33.19 1 1
github.com/caiojorge/fiap-challenge-ddd/internal/core/domain/entity/order_item.go:36.31,40.2 2 1
github.com/caiojorge/fiap-challenge-ddd/internal/core/domain/entity/order_item.go:42.49,44.2 1 0
github.com/caiojorge/fiap-challenge-ddd/internal/core/domain/entity/order_item.go:46.38,47.23 1 1
github.com/caiojorge/fiap-challenge-ddd/internal/core/domain/entity/order_item.go:47.23,49.3 1 0
github.com/caiojorge/fiap-challenge-ddd/internal/core/domain/entity/order_item.go:51.2,51.21 1 1
github.com/caiojorge/fiap-challenge-ddd/internal/core/domain/entity/order_item.go:51.21,53.3 1 0
github.com/caiojorge/fiap-challenge-ddd/internal/core/domain/entity/order_item.go:55.2,55.18 1 1
github.com/caiojorge/fiap-challenge-ddd/internal/core/domain/entity/order_item.go:55.18,57.3 1 0
github.com/caiojorge/fiap-challenge-ddd/internal/core/domain/entity/order_item.go:59.2,59.12 1 1
github.com/caiojorge/fiap-challenge-ddd/internal/core/domain/entity/order_item.go:62.30,64.2 1 1
github.com/caiojorge/fiap-challenge-ddd/internal/core/domain/entity/product.go:17.94,28.16 3 1
github.com/caiojorge/fiap-challenge-ddd/internal/core/domain/entity/product.go:28.16,30.3 1 0
github.com/caiojorge/fiap-challenge-ddd/internal/core/domain/entity/product.go:32.2,32.21 1 1
github.com/caiojorge/fiap-challenge-ddd/internal/core/domain/entity/product.go:35.86,46.16 3 1
github.com/caiojorge/fiap-challenge-ddd/internal/core/domain/entity/product.go:46.16,48.3 1 0
github.com/caiojorge/fiap-challenge-ddd/internal/core/domain/entity/product.go:50.2,50.21 1 1
github.com/caiojorge/fiap-challenge-ddd/internal/core/domain/entity/product.go:53.30,55.2 1 0
github.com/caiojorge/fiap-challenge-ddd/internal/core/domain/entity/product.go:57.36,59.18 1 1
github.com/caiojorge/fiap-challenge-ddd/internal/core/domain/entity/product.go:59.18,61.3 1 0
github.com/caiojorge/fiap-challenge-ddd/internal/core/domain/entity/product.go:63.2,63.25 1 1
github.com/caiojorge/fiap-challenge-ddd/internal/core/domain/entity/product.go:63.25,65.3 1 0
github.com/caiojorge/fiap-challenge-ddd/internal/core/domain/entity/product.go:67.2,67.18 1 1
github.com/caiojorge/fiap-challenge-ddd/internal/core/domain/entity/product.go:67.18,69.3 1 0
github.com/caiojorge/fiap-challenge-ddd/internal/core/domain/entity/product.go:71.2,71.22 1 1
github.com/caiojorge/fiap-challenge-ddd/internal/core/domain/entity/product.go:71.22,73.3 1 0
github.com/caiojorge/fiap-challenge-ddd/internal/core/domain/entity/product.go:75.2,75.12 1 1
github.com/caiojorge/fiap-challenge-ddd/internal/core/domain/entity/product.go:78.36,80.2 1 0
github.com/caiojorge/fiap-challenge-ddd/internal/core/domain/entity/product.go:82.43,84.2 1 0
github.com/caiojorge/fiap-challenge-ddd/internal/core/domain/entity/product.go:86.38,88.2 1 0
github.com/caiojorge/fiap-challenge-ddd/internal/core/domain/entity/product.go:90.40,92.2 1 0
github.com/caiojorge/fiap-challenge-ddd/internal/core/domain/entity/product.go:94.34,96.2 1 1
github.com/caiojorge/fiap-challenge-ddd/internal/core/domain/entity/product.go:98.40,100.2 1 0
github.com/caiojorge/fiap-challenge-ddd/internal/core/domain/entity/product.go:102.46,104.2 1 0
github.com/caiojorge/fiap-challenge-ddd/internal/shared/id_generator.go:5.30,7.2 1 1
github.com/caiojorge/fiap-challenge-ddd/internal/core/domain/repository/mocks/mock_customer_repository.go:27.81,31.2 3 1
github.com/caiojorge/fiap-challenge-ddd/internal/core/domain/repository/mocks/mock_customer_repository.go:34.79,36.2 1 1
github.com/caiojorge/fiap-challenge-ddd/internal/core/domain/repository/mocks/mock_customer_repository.go:39.95,44.2 4 0
github.com/caiojorge/fiap-challenge-ddd/internal/core/domain/repository/mocks/mock_customer_repository.go:47.94,50.2 2 0
github.com/caiojorge/fiap-challenge-ddd/internal/core/domain/repository/mocks/mock_customer_repository.go:53.97,59.2 5 1
github.com/caiojorge/fiap-challenge-ddd/internal/core/domain/repository/mocks/mock_customer_repository.go:62.86,65.2 2 1
github.com/caiojorge/fiap-challenge-ddd/internal/core/domain/repository/mocks/mock_customer_repository.go:68.91,74.2 5 0
github.com/caiojorge/fiap-challenge-ddd/internal/core/domain/repository/mocks/mock_customer_repository.go:77.85,80.2 2 0
github.com/caiojorge/fiap-challenge-ddd/internal/core/domain/repository/mocks/mock_customer_repository.go:83.95,88.2 4 0
github.com/caiojorge/fiap-challenge-ddd/internal/core/domain/repository/mocks/mock_customer_repository.go:91.94,94.2 2 0
github.com/caiojorge/fiap-challenge-ddd/internal/core/domain/repository/mocks/mock_order_repository.go:27.75,31.2 3 0
github.com/caiojorge/fiap-challenge-ddd/internal/core/domain/repository/mocks/mock_order_repository.go:34.73,36.2 1 0
github.com/caiojorge/fiap-challenge-ddd/internal/core/domain/repository/mocks/mock_order_repository.go:39.88,44.2 4 0
github.com/caiojorge/fiap-challenge-ddd/internal/core/domain/repository/mocks/mock_order_repository.go:47.90,50.2 2 0
github.com/caiojorge/fiap-challenge-ddd/internal/core/domain/repository/mocks/mock_order_repository.go:53.76,58.2 4 0
github.com/caiojorge/fiap-challenge-ddd/internal/core/domain/repository/mocks/mock_order_repository.go:61.85,64.2 2 0
github.com/caiojorge/fiap-challenge-ddd/internal/core/domain/repository/mocks/mock_order_repository.go:67.91,73.2 5 0
github.com/caiojorge/fiap-challenge-ddd/internal/core/domain/repository/mocks/mock_order_repository.go:76.83,79.2 2 0
github.com/caiojorge/fiap-challenge-ddd/internal/core/domain/repository/mocks/mock_order_repository.go:82.85,88.2 5 0
github.com/caiojorge/fiap-challenge-ddd/internal/core/domain/repository/mocks/mock_order_repository.go:91.82,94.2 2 0
github.com/caiojorge/fiap-challenge-ddd/internal/core/domain/repository/mocks/mock_order_repository.go:97.121,103.2 5 0
github.com/caiojorge/fiap-challenge-ddd/internal/core/domain/repository/mocks/mock_order_repository.go:106.95,109.2 2 0
github.com/caiojorge/fiap-challenge-ddd/internal/core/domain/repository/mocks/mock_order_repository.go:112.88,117.2 4 0
github.com/caiojorge/fiap-challenge-ddd/internal/core/domain/repository/mocks/mock_order_repository.go:120.90,123.2 2 0
github.com/caiojorge/fiap-challenge-ddd/internal/core/domain/repository/mocks/mock_product_repository.go:27.79,31.2 3 0
github.com/caiojorge/fiap-challenge-ddd/internal/core/domain/repository/mocks/mock_product_repository.go:34.77,36.2 1 0
github.com/caiojorge/fiap-challenge-ddd/internal/core/domain/repository/mocks/mock_product_repository.go:39.92,44.2 4 0
github.com/caiojorge/fiap-challenge-ddd/internal/core/domain/repository/mocks/mock_product_repository.go:47.92,50.2 2 0
github.com/caiojorge/fiap-challenge-ddd/internal/core/domain/repository/mocks/mock_product_repository.go:53.78,58.2 4 0
github.com/caiojorge/fiap-challenge-ddd/internal/core/domain/repository/mocks/mock_product_repository.go:61.87,64.2 2 0
github.com/caiojorge/fiap-challenge-ddd/internal/core/domain/repository/mocks/mock_product_repository.go:67.95,73.2 5 0
github.com/caiojorge/fiap-challenge-ddd/internal/core/domain/repository/mocks/mock_product_repository.go:76.85,79.2 2 0
github.com/caiojorge/fiap-challenge-ddd/internal/core/domain/repository/mocks/mock_product_repository.go:82.89,88.2 5 0
github.com/caiojorge/fiap-challenge-ddd/internal/core/domain/repository/mocks/mock_product_repository.go:91.84,94.2 2 0
github.com/caiojorge/fiap-challenge-ddd/internal/core/domain/repository/mocks/mock_product_repository.go:97.107,103.2 5 0
github.com/caiojorge/fiap-challenge-ddd/internal/core/domain/repository/mocks/mock_product_repository.go:106.95,109.2 2 0
github.com/caiojorge/fiap-challenge-ddd/internal/core/domain/repository/mocks/mock_product_repository.go:112.103,118.2 5 0
github.com/caiojorge/fiap-challenge-ddd/internal/core/domain/repository/mocks/mock_product_repository.go:121.93,124.2 2 0
github.com/caiojorge/fiap-challenge-ddd/internal/core/domain/repository/mocks/mock_product_repository.go:127.92,132.2 4 0
github.com/caiojorge/fiap-challenge-ddd/internal/core/domain/repository/mocks/mock_product_repository.go:135.92,138.2 2 0
github.com/caiojorge/fiap-challenge-ddd/internal/core/usecase/customer/findbycpf/customer_find_by_cpf.go:13.90,17.2 1 1
github.com/caiojorge/fiap-challenge-ddd/internal/core/usecase/customer/findbycpf/customer_find_by_cpf.go:20.125,23.16 2 1
github.com/caiojorge/fiap-challenge-ddd/internal/core/usecase/customer/findbycpf/customer_find_by_cpf.go:23.16,25.3 1 0
github.com/caiojorge/fiap-challenge-ddd/internal/core/usecase/customer/findbycpf/customer_find_by_cpf.go:27.2,30.17 3 1
github.com/caiojorge/fiap-challenge-ddd/internal/core/usecase/customer/findbycpf/customer_find_by_cpf_dto.go:15.67,23.2 1 0
github.com/caiojorge/fiap-challenge-ddd/internal/core/usecase/customer/findbycpf/customer_find_by_cpf_dto.go:31.77,35.2 3 1
github.com/caiojorge/fiap-challenge-ddd/internal/shared/id_generator.go:5.30,7.2 1 0
github.com/caiojorge/fiap-challenge-ddd/internal/core/domain/repository/mocks/mock_customer_repository.go:27.81,31.2 3 1
github.com/caiojorge/fiap-challenge-ddd/internal/core/domain/repository/mocks/mock_customer_repository.go:34.79,36.2 1 1
github.com/caiojorge/fiap-challenge-ddd/internal/core/domain/repository/mocks/mock_customer_repository.go:39.95,44.2 4 1
github.com/caiojorge/fiap-challenge-ddd/internal/core/domain/repository/mocks/mock_customer_repository.go:47.94,50.2 2 1
github.com/caiojorge/fiap-challenge-ddd/internal/core/domain/repository/mocks/mock_customer_repository.go:53.97,59.2 5 1
github.com/caiojorge/fiap-challenge-ddd/internal/core/domain/repository/mocks/mock_customer_repository.go:62.86,65.2 2 1
github.com/caiojorge/fiap-challenge-ddd/internal/core/domain/repository/mocks/mock_customer_repository.go:68.91,74.2 5 0
github.com/caiojorge/fiap-challenge-ddd/internal/core/domain/repository/mocks/mock_customer_repository.go:77.85,80.2 2 0
github.com/caiojorge/fiap-challenge-ddd/internal/core/domain/repository/mocks/mock_customer_repository.go:83.95,88.2 4 0
github.com/caiojorge/fiap-challenge-ddd/internal/core/domain/repository/mocks/mock_customer_repository.go:91.94,94.2 2 0
github.com/caiojorge/fiap-challenge-ddd/internal/core/domain/repository/mocks/mock_order_repository.go:27.75,31.2 3 0
github.com/caiojorge/fiap-challenge-ddd/internal/core/domain/repository/mocks/mock_order_repository.go:34.73,36.2 1 0
github.com/caiojorge/fiap-challenge-ddd/internal/core/domain/repository/mocks/mock_order_repository.go:39.88,44.2 4 0
github.com/caiojorge/fiap-challenge-ddd/internal/core/domain/repository/mocks/mock_order_repository.go:47.90,50.2 2 0
github.com/caiojorge/fiap-challenge-ddd/internal/core/domain/repository/mocks/mock_order_repository.go:53.76,58.2 4 0
github.com/caiojorge/fiap-challenge-ddd/internal/core/domain/repository/mocks/mock_order_repository.go:61.85,64.2 2 0
github.com/caiojorge/fiap-challenge-ddd/internal/core/domain/repository/mocks/mock_order_repository.go:67.91,73.2 5 0
github.com/caiojorge/fiap-challenge-ddd/internal/core/domain/repository/mocks/mock_order_repository.go:76.83,79.2 2 0
github.com/caiojorge/fiap-challenge-ddd/internal/core/domain/repository/mocks/mock_order_repository.go:82.85,88.2 5 0
github.com/caiojorge/fiap-challenge-ddd/internal/core/domain/repository/mocks/mock_order_repository.go:91.82,94.2 2 0
github.com/caiojorge/fiap-challenge-ddd/internal/core/domain/repository/mocks/mock_order_repository.go:97.121,103.2 5 0
github.com/caiojorge/fiap-challenge-ddd/internal/core/domain/repository/mocks/mock_order_repository.go:106.95,109.2 2 0
github.com/caiojorge/fiap-challenge-ddd/internal/core/domain/repository/mocks/mock_order_repository.go:112.88,117.2 4 0
github.com/caiojorge/fiap-challenge-ddd/internal/core/domain/repository/mocks/mock_order_repository.go:120.90,123.2 2 0
github.com/caiojorge/fiap-challenge-ddd/internal/core/domain/repository/mocks/mock_product_repository.go:27.79,31.2 3 0
github.com/caiojorge/fiap-challenge-ddd/internal/core/domain/repository/mocks/mock_product_repository.go:34.77,36.2 1 0
github.com/caiojorge/fiap-challenge-ddd/internal/core/domain/repository/mocks/mock_product_repository.go:39.92,44.2 4 0
github.com/caiojorge/fiap-challenge-ddd/internal/core/domain/repository/mocks/mock_product_repository.go:47.92,50.2 2 0
github.com/caiojorge/fiap-challenge-ddd/internal/core/domain/repository/mocks/mock_product_repository.go:53.78,58.2 4 0
github.com/caiojorge/fiap-challenge-ddd/internal/core/domain/repository/mocks/mock_product_repository.go:61.87,64.2 2 0
github.com/caiojorge/fiap-challenge-ddd/internal/core/domain/repository/mocks/mock_product_repository.go:67.95,73.2 5 0
github.com/caiojorge/fiap-challenge-ddd/internal/core/domain/repository/mocks/mock_product_repository.go:76.85,79.2 2 0
github.com/caiojorge/fiap-challenge-ddd/internal/core/domain/repository/mocks/mock_product_repository.go:82.89,88.2 5 0
github.com/caiojorge/fiap-challenge-ddd/internal/core/domain/repository/mocks/mock_product_repository.go:91.84,94.2 2 0
github.com/caiojorge/fiap-challenge-ddd/internal/core/domain/repository/mocks/mock_product_repository.go:97.107,103.2 5 0
github.com/caiojorge/fiap-challenge-ddd/internal/core/domain/repository/mocks/mock_product_repository.go:106.95,109.2 2 0
github.com/caiojorge/fiap-challenge-ddd/internal/core/domain/repository/mocks/mock_product_repository.go:112.103,118.2 5 0
github.com/caiojorge/fiap-challenge-ddd/internal/core/domain/repository/mocks/mock_product_repository.go:121.93,124.2 2 0
github.com/caiojorge/fiap-challenge-ddd/internal/core/domain/repository/mocks/mock_product_repository.go:127.92,132.2 4 0
github.com/caiojorge/fiap-challenge-ddd/internal/core/domain/repository/mocks/mock_product_repository.go:135.92,138.2 2 0
github.com/caiojorge/fiap-challenge-ddd/internal/core/usecase/customer/register/customer_register.go:15.98,19.2 1 1
github.com/caiojorge/fiap-challenge-ddd/internal/core/usecase/customer/register/customer_register.go:22.115,28.55 4 1
github.com/caiojorge/fiap-challenge-ddd/internal/core/usecase/customer/register/customer_register.go:28.55,31.3 2 0
github.com/caiojorge/fiap-challenge-ddd/internal/core/usecase/customer/register/customer_register.go:33.2,33.26 1 1
github.com/caiojorge/fiap-challenge-ddd/internal/core/usecase/customer/register/customer_register.go:33.26,36.3 2 0
github.com/caiojorge/fiap-challenge-ddd/internal/core/usecase/customer/register/customer_register.go:38.2,41.16 3 1
github.com/caiojorge/fiap-challenge-ddd/internal/core/usecase/customer/register/customer_register.go:41.16,43.3 1 0
github.com/caiojorge/fiap-challenge-ddd/internal/core/usecase/customer/register/customer_register.go:45.2,45.12 1 1
github.com/caiojorge/fiap-challenge-ddd/internal/core/usecase/customer/register/customer_register_dto.go:15.66,23.2 1 1
github.com/caiojorge/fiap-challenge-ddd/internal/core/usecase/customer/register/customer_register_dto.go:31.76,35.2 3 0
github.com/caiojorge/fiap-challenge-ddd/internal/shared/id_generator.go:5.30,7.2 1 0
github.com/caiojorge/fiap-challenge-ddd/internal/core/domain/repository/mocks/mock_customer_repository.go:27.81,31.2 3 1
github.com/caiojorge/fiap-challenge-ddd/internal/core/domain/repository/mocks/mock_customer_repository.go:34.79,36.2 1 1
github.com/caiojorge/fiap-challenge-ddd/internal/core/domain/repository/mocks/mock_customer_repository.go:39.95,44.2 4 0
github.com/caiojorge/fiap-challenge-ddd/internal/core/domain/repository/mocks/mock_customer_repository.go:47.94,50.2 2 0
github.com/caiojorge/fiap-challenge-ddd/internal/core/domain/repository/mocks/mock_customer_repository.go:53.97,59.2 5 1
github.com/caiojorge/fiap-challenge-ddd/internal/core/domain/repository/mocks/mock_customer_repository.go:62.86,65.2 2 1
github.com/caiojorge/fiap-challenge-ddd/internal/core/domain/repository/mocks/mock_customer_repository.go:68.91,74.2 5 0
github.com/caiojorge/fiap-challenge-ddd/internal/core/domain/repository/mocks/mock_customer_repository.go:77.85,80.2 2 0
github.com/caiojorge/fiap-challenge-ddd/internal/core/domain/repository/mocks/mock_customer_repository.go:83.95,88.2 4 0
github.com/caiojorge/fiap-challenge-ddd/internal/core/domain/repository/mocks/mock_customer_repository.go:91.94,94.2 2 0
github.com/caiojorge/fiap-challenge-ddd/internal/core/domain/repository/mocks/mock_order_repository.go:27.75,31.2 3 1
github.com/caiojorge/fiap-challenge-ddd/internal/core/domain/repository/mocks/mock_order_repository.go:34.73,36.2 1 1
github.com/caiojorge/fiap-challenge-ddd/internal/core/domain/repository/mocks/mock_order_repository.go:39.88,44.2 4 1
github.com/caiojorge/fiap-challenge-ddd/internal/core/domain/repository/mocks/mock_order_repository.go:47.90,50.2 2 1
github.com/caiojorge/fiap-challenge-ddd/internal/core/domain/repository/mocks/mock_order_repository.go:53.76,58.2 4 0
github.com/caiojorge/fiap-challenge-ddd/internal/core/domain/repository/mocks/mock_order_repository.go:61.85,64.2 2 0
github.com/caiojorge/fiap-challenge-ddd/internal/core/domain/repository/mocks/mock_order_repository.go:67.91,73.2 5 0
github.com/caiojorge/fiap-challenge-ddd/internal/core/domain/repository/mocks/mock_order_repository.go:76.83,79.2 2 0
github.com/caiojorge/fiap-challenge-ddd/internal/core/domain/repository/mocks/mock_order_repository.go:82.85,88.2 5 0
github.com/caiojorge/fiap-challenge-ddd/internal/core/domain/repository/mocks/mock_order_repository.go:91.82,94.2 2 0
github.com/caiojorge/fiap-challenge-ddd/internal/core/domain/repository/mocks/mock_order_repository.go:97.121,103.2 5 0
github.com/caiojorge/fiap-challenge-ddd/internal/core/domain/repository/mocks/mock_order_repository.go:106.95,109.2 2 0
github.com/caiojorge/fiap-challenge-ddd/internal/core/domain/repository/mocks/mock_order_repository.go:112.88,117.2 4 0
github.com/caiojorge/fiap-challenge-ddd/internal/core/domain/repository/mocks/mock_order_repository.go:120.90,123.2 2 0
github.com/caiojorge/fiap-challenge-ddd/internal/core/domain/repository/mocks/mock_product_repository.go:27.79,31.2 3 1
github.com/caiojorge/fiap-challenge-ddd/internal/core/domain/repository/mocks/mock_product_repository.go:34.77,36.2 1 1
github.com/caiojorge/fiap-challenge-ddd/internal/core/domain/repository/mocks/mock_product_repository.go:39.92,44.2 4 0
github.com/caiojorge/fiap-challenge-ddd/internal/core/domain/repository/mocks/mock_product_repository.go:47.92,50.2 2 0
github.com/caiojorge/fiap-challenge-ddd/internal/core/domain/repository/mocks/mock_product_repository.go:53.78,58.2 4 0
github.com/caiojorge/fiap-challenge-ddd/internal/core/domain/repository/mocks/mock_product_repository.go:61.87,64.2 2 0
github.com/caiojorge/fiap-challenge-ddd/internal/core/domain/repository/mocks/mock_product_repository.go:67.95,73.2 5 1
github.com/caiojorge/fiap-challenge-ddd/internal/core/domain/repository/mocks/mock_product_repository.go:76.85,79.2 2 1
github.com/caiojorge/fiap-challenge-ddd/internal/core/domain/repository/mocks/mock_product_repository.go:82.89,88.2 5 0
github.com/caiojorge/fiap-challenge-ddd/internal/core/domain/repository/mocks/mock_product_repository.go:91.84,94.2 2 0
github.com/caiojorge/fiap-challenge-ddd/internal/core/domain/repository/mocks/mock_product_repository.go:97.107,103.2 5 0
github.com/caiojorge/fiap-challenge-ddd/internal/core/domain/repository/mocks/mock_product_repository.go:106.95,109.2 2 0
github.com/caiojorge/fiap-challenge-ddd/internal/core/domain/repository/mocks/mock_product_repository.go:112.103,118.2 5 0
github.com/caiojorge/fiap-challenge-ddd/internal/core/domain/repository/mocks/mock_product_repository.go:121.93,124.2 2 0
github.com/caiojorge/fiap-challenge-ddd/internal/core/domain/repository/mocks/mock_product_repository.go:127.92,132.2 4 0
github.com/caiojorge/fiap-challenge-ddd/internal/core/domain/repository/mocks/mock_product_repository.go:135.92,138.2 2 0
github.com/caiojorge/fiap-challenge-ddd/internal/core/usecase/order/create/customer_handler.go:14.98,18.2 1 0
github.com/caiojorge/fiap-challenge-ddd/internal/core/usecase/order/create/customer_handler.go:20.94,23.15 1 0
github.com/caiojorge/fiap-challenge-ddd/internal/core/usecase/order/create/customer_handler.go:23.15,25.3 1 0
github.com/caiojorge/fiap-challenge-ddd/internal/core/usecase/order/create/customer_handler.go:28.2,29.16 2 0
github.com/caiojorge/fiap-challenge-ddd/internal/core/usecase/order/create/customer_handler.go:29.16,31.3 1 0
github.com/caiojorge/fiap-challenge-ddd/internal/core/usecase/order/create/customer_handler.go:34.2,34.21 1 0
github.com/caiojorge/fiap-challenge-ddd/internal/core/usecase/order/create/customer_handler.go:34.21,36.3 1 0
github.com/caiojorge/fiap-challenge-ddd/internal/core/usecase/order/create/customer_handler.go:39.2,40.16 2 0
github.com/caiojorge/fiap-challenge-ddd/internal/core/usecase/order/create/customer_handler.go:40.16,42.3 1 0
github.com/caiojorge/fiap-challenge-ddd/internal/core/usecase/order/create/customer_handler.go:45.2,45.67 1 0
github.com/caiojorge/fiap-challenge-ddd/internal/core/usecase/order/create/customer_handler.go:45.67,47.3 1 0
github.com/caiojorge/fiap-challenge-ddd/internal/core/usecase/order/create/customer_handler.go:49.2,49.22 1 0
github.com/caiojorge/fiap-challenge-ddd/internal/core/usecase/order/create/order_create.go:28.76,34.2 1 1
github.com/caiojorge/fiap-challenge-ddd/internal/core/usecase/order/create/order_create.go:37.123,45.16 3 1
github.com/caiojorge/fiap-challenge-ddd/internal/core/usecase/order/create/order_create.go:45.16,47.3 1 0
github.com/caiojorge/fiap-challenge-ddd/internal/core/usecase/order/create/order_create.go:49.2,53.32 2 1
github.com/caiojorge/fiap-challenge-ddd/internal/core/usecase/order/create/order_create.go:53.32,56.17 2 1
github.com/caiojorge/fiap-challenge-ddd/internal/core/usecase/order/create/order_create.go:56.17,58.4 1 0
github.com/caiojorge/fiap-challenge-ddd/internal/core/usecase/order/create/order_create.go:64.3,64.22 1 1
github.com/caiojorge/fiap-challenge-ddd/internal/core/usecase/order/create/order_create.go:64.22,69.18 2 0
github.com/caiojorge/fiap-challenge-ddd/internal/core/usecase/order/create/order_create.go:69.18,71.5 1 0
github.com/caiojorge/fiap-challenge-ddd/internal/core/usecase/order/create/order_create.go:74.4,74.73 1 0
github.com/caiojorge/fiap-challenge-ddd/internal/core/usecase/order/create/order_create.go:74.73,76.5 1 0
github.com/caiojorge/fiap-challenge-ddd/internal/core/usecase/order/create/order_create.go:81.2,85.35 2 1
github.com/caiojorge/fiap-challenge-ddd/internal/core/usecase/order/create/order_create.go:85.35,87.17 2 1
github.com/caiojorge/fiap-challenge-ddd/internal/core/usecase/order/create/order_create.go:87.17,89.4 1 0
github.com/caiojorge/fiap-challenge-ddd/internal/core/usecase/order/create/order_create.go:91.3,91.21 1 1
github.com/caiojorge/fiap-challenge-ddd/internal/core/usecase/order/create/order_create.go:91.21,93.4 1 0
github.com/caiojorge/fiap-challenge-ddd/internal/core/usecase/order/create/order_create.go:96.3,96.35 1 1
github.com/caiojorge/fiap-challenge-ddd/internal/core/usecase/order/create/order_create.go:99.2,104.62 3 1
github.com/caiojorge/fiap-challenge-ddd/internal/core/usecase/order/create/order_create.go:104.62,107.3 2 0
github.com/caiojorge/fiap-challenge-ddd/internal/core/usecase/order/create/order_create.go:110.2,112.16 3 1
github.com/caiojorge/fiap-challenge-ddd/internal/core/usecase/order/create/order_create.go:112.16,114.3 1 0
github.com/caiojorge/fiap-challenge-ddd/internal/core/usecase/order/create/order_create.go:116.2,116.21 1 1
github.com/caiojorge/fiap-challenge-ddd/internal/core/usecase/order/create/order_create.go:120.124,123.52 2 0
github.com/caiojorge/fiap-challenge-ddd/internal/core/usecase/order/create/order_create.go:123.52,125.3 1 0
github.com/caiojorge/fiap-challenge-ddd/internal/core/usecase/order/create/order_create.go:128.2,134.55 3 0
github.com/caiojorge/fiap-challenge-ddd/internal/core/usecase/order/create/order_create.go:134.55,136.3 1 0
github.com/caiojorge/fiap-challenge-ddd/internal/core/usecase/order/create/order_create.go:139.2,139.59 1 0
github.com/caiojorge/fiap-challenge-ddd/internal/core/usecase/order/create/order_create.go:139.59,141.3 1 0
github.com/caiojorge/fiap-challenge-ddd/internal/core/usecase/order/create/order_create.go:144.2,147.63 2 0
github.com/caiojorge/fiap-challenge-ddd/internal/core/usecase/order/create/order_create.go:147.63,150.3 2 0
github.com/caiojorge/fiap-challenge-ddd/internal/core/usecase/order/create/order_create.go:153.2,154.53 2 0
github.com/caiojorge/fiap-challenge-ddd/internal/core/usecase/order/create/order_create.go:154.53,156.3 1 0
github.com/caiojorge/fiap-challenge-ddd/internal/core/usecase/order/create/order_create.go:158.2,158.21 1 0
github.com/caiojorge/fiap-challenge-ddd/internal/core/usecase/order/create/order_create.go:162.94,163.33 1 0
github.com/caiojorge/fiap-challenge-ddd/internal/core/usecase/order/create/order_create.go:163.33,165.3 1 0
github.com/caiojorge/fiap-challenge-ddd/internal/core/usecase/order/create/order_create.go:168.2,169.16 2 0
github.com/caiojorge/fiap-challenge-ddd/internal/core/usecase/order/create/order_create.go:169.16,171.3 1 0
github.com/caiojorge/fiap-challenge-ddd/internal/core/usecase/order/create/order_create.go:174.2,174.21 1 0
github.com/caiojorge/fiap-challenge-ddd/internal/core/usecase/order/create/order_create.go:174.21,176.3 1 0
github.com/caiojorge/fiap-challenge-ddd/internal/core/usecase/order/create/order_create.go:179.2,180.16 2 0
github.com/caiojorge/fiap-challenge-ddd/internal/core/usecase/order/create/order_create.go:180.16,182.3 1 0
github.com/caiojorge/fiap-challenge-ddd/internal/core/usecase/order/create/order_create.go:185.2,185.71 1 0
github.com/caiojorge/fiap-challenge-ddd/internal/core/usecase/order/create/order_create.go:185.71,187.3 1 0
github.com/caiojorge/fiap-challenge-ddd/internal/core/usecase/order/create/order_create.go:189.2,189.12 1 0
github.com/caiojorge/fiap-challenge-ddd/internal/core/usecase/order/create/order_create.go:193.98,194.35 1 0
github.com/caiojorge/fiap-challenge-ddd/internal/core/usecase/order/create/order_create.go:194.35,197.17 2 0
github.com/caiojorge/fiap-challenge-ddd/internal/core/usecase/order/create/order_create.go:197.17,199.4 1 0
github.com/caiojorge/fiap-challenge-ddd/internal/core/usecase/order/create/order_create.go:202.3,202.21 1 0
github.com/caiojorge/fiap-challenge-ddd/internal/core/usecase/order/create/order_create.go:202.21,204.4 1 0
github.com/caiojorge/fiap-challenge-ddd/internal/core/usecase/order/create/order_create.go:207.3,207.45 1 0
github.com/caiojorge/fiap-challenge-ddd/internal/core/usecase/order/create/order_create.go:209.2,209.12 1 0
github.com/caiojorge/fiap-challenge-ddd/internal/core/usecase/order/create/order_wrapper.go:12.65,14.53 2 1
github.com/caiojorge/fiap-challenge-ddd/internal/core/usecase/order/create/order_wrapper.go:14.53,16.3 1 0
github.com/caiojorge/fiap-challenge-ddd/internal/core/usecase/order/create/order_wrapper.go:19.2,21.41 2 1
github.com/caiojorge/fiap-challenge-ddd/internal/core/usecase/order/create/order_wrapper.go:21.41,23.3 1 0
github.com/caiojorge/fiap-challenge-ddd/internal/core/usecase/order/create/order_wrapper.go:25.2,25.20 1 1
github.com/caiojorge/fiap-challenge-ddd/internal/shared/id_generator.go:5.30,7.2 1 1
github.com/caiojorge/fiap-challenge-ddd/internal/core/domain/repository/mocks/mock_customer_repository.go:27.81,31.2 3 0
github.com/caiojorge/fiap-challenge-ddd/internal/core/domain/repository/mocks/mock_customer_repository.go:34.79,36.2 1 0
github.com/caiojorge/fiap-challenge-ddd/internal/core/domain/repository/mocks/mock_customer_repository.go:39.95,44.2 4 0
github.com/caiojorge/fiap-challenge-ddd/internal/core/domain/repository/mocks/mock_customer_repository.go:47.94,50.2 2 0
github.com/caiojorge/fiap-challenge-ddd/internal/core/domain/repository/mocks/mock_customer_repository.go:53.97,59.2 5 0
github.com/caiojorge/fiap-challenge-ddd/internal/core/domain/repository/mocks/mock_customer_repository.go:62.86,65.2 2 0
github.com/caiojorge/fiap-challenge-ddd/internal/core/domain/repository/mocks/mock_customer_repository.go:68.91,74.2 5 0
github.com/caiojorge/fiap-challenge-ddd/internal/core/domain/repository/mocks/mock_customer_repository.go:77.85,80.2 2 0
github.com/caiojorge/fiap-challenge-ddd/internal/core/domain/repository/mocks/mock_customer_repository.go:83.95,88.2 4 0
github.com/caiojorge/fiap-challenge-ddd/internal/core/domain/repository/mocks/mock_customer_repository.go:91.94,94.2 2 0
github.com/caiojorge/fiap-challenge-ddd/internal/core/domain/repository/mocks/mock_order_repository.go:27.75,31.2 3 1
github.com/caiojorge/fiap-challenge-ddd/internal/core/domain/repository/mocks/mock_order_repository.go:34.73,36.2 1 1
github.com/caiojorge/fiap-challenge-ddd/internal/core/domain/repository/mocks/mock_order_repository.go:39.88,44.2 4 0
github.com/caiojorge/fiap-challenge-ddd/internal/core/domain/repository/mocks/mock_order_repository.go:47.90,50.2 2 0
github.com/caiojorge/fiap-challenge-ddd/internal/core/domain/repository/mocks/mock_order_repository.go:53.76,58.2 4 0
github.com/caiojorge/fiap-challenge-ddd/internal/core/domain/repository/mocks/mock_order_repository.go:61.85,64.2 2 0
github.com/caiojorge/fiap-challenge-ddd/internal/core/domain/repository/mocks/mock_order_repository.go:67.91,73.2 5 0
github.com/caiojorge/fiap-challenge-ddd/internal/core/domain/repository/mocks/mock_order_repository.go:76.83,79.2 2 0
github.com/caiojorge/fiap-challenge-ddd/internal/core/domain/repository/mocks/mock_order_repository.go:82.85,88.2 5 0
github.com/caiojorge/fiap-challenge-ddd/internal/core/domain/repository/mocks/mock_order_repository.go:91.82,94.2 2 0
github.com/caiojorge/fiap-challenge-ddd/internal/core/domain/repository/mocks/mock_order_repository.go:97.121,103.2 5 1
github.com/caiojorge/fiap-challenge-ddd/internal/core/domain/repository/mocks/mock_order_repository.go:106.95,109.2 2 1
github.com/caiojorge/fiap-challenge-ddd/internal/core/domain/repository/mocks/mock_order_repository.go:112.88,117.2 4 0
github.com/caiojorge/fiap-challenge-ddd/internal/core/domain/repository/mocks/mock_order_repository.go:120.90,123.2 2 0
github.com/caiojorge/fiap-challenge-ddd/internal/core/domain/repository/mocks/mock_product_repository.go:27.79,31.2 3 0
github.com/caiojorge/fiap-challenge-ddd/internal/core/domain/repository/mocks/mock_product_repository.go:34.77,36.2 1 0
github.com/caiojorge/fiap-challenge-ddd/internal/core/domain/repository/mocks/mock_product_repository.go:39.92,44.2 4 0
github.com/caiojorge/fiap-challenge-ddd/internal/core/domain/repository/mocks/mock_product_repository.go:47.92,50.2 2 0
github.com/caiojorge/fiap-challenge-ddd/internal/core/domain/repository/mocks/mock_product_repository.go:53.78,58.2 4 0
github.com/caiojorge/fiap-challenge-ddd/internal/core/domain/repository/mocks/mock_product_repository.go:61.87,64.2 2 0
github.com/caiojorge/fiap-challenge-ddd/internal/core/domain/repository/mocks/mock_product_repository.go:67.95,73.2 5 0
github.com/caiojorge/fiap-challenge-ddd/internal/core/domain/repository/mocks/mock_product_repository.go:76.85,79.2 2 0
github.com/caiojorge/fiap-challenge-ddd/internal/core/domain/repository/mocks/mock_product_repository.go:82.89,88.2 5 0
github.com/caiojorge/fiap-challenge-ddd/internal/core/domain/repository/mocks/mock_product_repository.go:91.84,94.2 2 0
github.com/caiojorge/fiap-challenge-ddd/internal/core/domain/repository/mocks/mock_product_repository.go:97.107,103.2 5 0
github.com/caiojorge/fiap-challenge-ddd/internal/core/domain/repository/mocks/mock_product_repository.go:106.95,109.2 2 0
github.com/caiojorge/fiap-challenge-ddd/internal/core/domain/repository/mocks/mock_product_repository.go:112.103,118.2 5 0
github.com/caiojorge/fiap-challenge-ddd/internal/core/domain/repository/mocks/mock_product_repository.go:121.93,124.2 2 0
github.com/caiojorge/fiap-challenge-ddd/internal/core/domain/repository/mocks/mock_product_repository.go:127.92,132.2 4 0
github.com/caiojorge/fiap-challenge-ddd/internal/core/domain/repository/mocks/mock_product_repository.go:135.92,138.2 2 0
github.com/caiojorge/fiap-challenge-ddd/internal/core/usecase/order/findbyparam/order_find_by_param.go:13.87,17.2 1 1
github.com/caiojorge/fiap-challenge-ddd/internal/core/usecase/order/findbyparam/order_find_by_param.go:20.146,23.16 2 1
github.com/caiojorge/fiap-challenge-ddd/internal/core/usecase/order/findbyparam/order_find_by_param.go:23.16,25.3 1 0
github.com/caiojorge/fiap-challenge-ddd/internal/core/usecase/order/findbyparam/order_find_by_param.go:27.2,29.21 2 1
github.com/caiojorge/fiap-challenge-ddd/internal/core/usecase/order/findbyparam/order_find_by_param_wrapper.go:9.70,14.31 3 1
github.com/caiojorge/fiap-challenge-ddd/internal/core/usecase/order/findbyparam/order_find_by_param_wrapper.go:14.31,23.36 2 1
github.com/caiojorge/fiap-challenge-ddd/internal/core/usecase/order/findbyparam/order_find_by_param_wrapper.go:23.36,32.4 2 1
github.com/caiojorge/fiap-challenge-ddd/internal/core/usecase/order/findbyparam/order_find_by_param_wrapper.go:34.3,36.43 2 1
github.com/caiojorge/fiap-challenge-ddd/internal/core/usecase/order/findbyparam/order_find_by_param_wrapper.go:40.2,40.19 1 1
github.com/caiojorge/fiap-challenge-ddd/internal/shared/id_generator.go:5.30,7.2 1 0
github.com/caiojorge/fiap-challenge-ddd/internal/core/domain/repository/mocks/mock_customer_repository.go:27.81,31.2 3 0
github.com/caiojorge/fiap-challenge-ddd/internal/core/domain/repository/mocks/mock_customer_repository.go:34.79,36.2 1 0
github.com/caiojorge/fiap-challenge-ddd/internal/core/domain/repository/mocks/mock_customer_repository.go:39.95,44.2 4 0
github.com/caiojorge/fiap-challenge-ddd/internal/core/domain/repository/mocks/mock_customer_repository.go:47.94,50.2 2 0
github.com/caiojorge/fiap-challenge-ddd/internal/core/domain/repository/mocks/mock_customer_repository.go:53.97,59.2 5 0
github.com/caiojorge/fiap-challenge-ddd/internal/core/domain/repository/mocks/mock_customer_repository.go:62.86,65.2 2 0
github.com/caiojorge/fiap-challenge-ddd/internal/core/domain/repository/mocks/mock_customer_repository.go:68.91,74.2 5 0
github.com/caiojorge/fiap-challenge-ddd/internal/core/domain/repository/mocks/mock_customer_repository.go:77.85,80.2 2 0
github.com/caiojorge/fiap-challenge-ddd/internal/core/domain/repository/mocks/mock_customer_repository.go:83.95,88.2 4 0
github.com/caiojorge/fiap-challenge-ddd/internal/core/domain/repository/mocks/mock_customer_repository.go:91.94,94.2 2 0
github.com/caiojorge/fiap-challenge-ddd/internal/core/domain/repository/mocks/mock_order_repository.go:27.75,31.2 3 1
github.com/caiojorge/fiap-challenge-ddd/internal/core/domain/repository/mocks/mock_order_repository.go:34.73,36.2 1 1
github.com/caiojorge/fiap-challenge-ddd/internal/core/domain/repository/mocks/mock_order_repository.go:39.88,44.2 4 0
github.com/caiojorge/fiap-challenge-ddd/internal/core/domain/repository/mocks/mock_order_repository.go:47.90,50.2 2 0
github.com/caiojorge/fiap-challenge-ddd/internal/core/domain/repository/mocks/mock_order_repository.go:53.76,58.2 4 0
github.com/caiojorge/fiap-challenge-ddd/internal/core/domain/repository/mocks/mock_order_repository.go:61.85,64.2 2 0
github.com/caiojorge/fiap-challenge-ddd/internal/core/domain/repository/mocks/mock_order_repository.go:67.91,73.2 5 1
github.com/caiojorge/fiap-challenge-ddd/internal/core/domain/repository/mocks/mock_order_repository.go:76.83,79.2 2 1
github.com/caiojorge/fiap-challenge-ddd/internal/core/domain/repository/mocks/mock_order_repository.go:82.85,88.2 5 0
github.com/caiojorge/fiap-challenge-ddd/internal/core/domain/repository/mocks/mock_order_repository.go:91.82,94.2 2 0
github.com/caiojorge/fiap-challenge-ddd/internal/core/domain/repository/mocks/mock_order_repository.go:97.121,103.2 5 0
github.com/caiojorge/fiap-challenge-ddd/internal/core/domain/repository/mocks/mock_order_repository.go:106.95,109.2 2 0
github.com/caiojorge/fiap-challenge-ddd/internal/core/domain/repository/mocks/mock_order_repository.go:112.88,117.2 4 0
github.com/caiojorge/fiap-challenge-ddd/internal/core/domain/repository/mocks/mock_order_repository.go:120.90,123.2 2 0
github.com/caiojorge/fiap-challenge-ddd/internal/core/domain/repository/mocks/mock_product_repository.go:27.79,31.2 3 0
github.com/caiojorge/fiap-challenge-ddd/internal/core/domain/repository/mocks/mock_product_repository.go:34.77,36.2 1 0
github.com/caiojorge/fiap-challenge-ddd/internal/core/domain/repository/mocks/mock_product_repository.go:39.92,44.2 4 0
github.com/caiojorge/fiap-challenge-ddd/internal/core/domain/repository/mocks/mock_product_repository.go:47.92,50.2 2 0
github.com/caiojorge/fiap-challenge-ddd/internal/core/domain/repository/mocks/mock_product_repository.go:53.78,58.2 4 0
github.com/caiojorge/fiap-challenge-ddd/internal/core/domain/repository/mocks/mock_product_repository.go:61.87,64.2 2 0
github.com/caiojorge/fiap-challenge-ddd/internal/core/domain/repository/mocks/mock_product_repository.go:67.95,73.2 5 0
github.com/caiojorge/fiap-challenge-ddd/internal/core/domain/repository/mocks/mock_product_repository.go:76.85,79.2 2 0
github.com/caiojorge/fiap-challenge-ddd/internal/core/domain/repository/mocks/mock_product_repository.go:82.89,88.2 5 0
github.com/caiojorge/fiap-challenge-ddd/internal/core/domain/repository/mocks/mock_product_repository.go:91.84,94.2 2 0
github.com/caiojorge/fiap-challenge-ddd/internal/core/domain/repository/mocks/mock_product_repository.go:97.107,103.2 5 0
github.com/caiojorge/fiap-challenge-ddd/internal/core/domain/repository/mocks/mock_product_repository.go:106.95,109.2 2 0
github.com/caiojorge/fiap-challenge-ddd/internal/core/domain/repository/mocks/mock_product_repository.go:112.103,118.2 5 0
github.com/caiojorge/fiap-challenge-ddd/internal/core/domain/repository/mocks/mock_product_repository.go:121.93,124.2 2 0
github.com/caiojorge/fiap-challenge-ddd/internal/core/domain/repository/mocks/mock_product_repository.go:127.92,132.2 4 0
github.com/caiojorge/fiap-challenge-ddd/internal/core/domain/repository/mocks/mock_product_repository.go:135.92,138.2 2 0
github.com/caiojorge/fiap-challenge-ddd/internal/core/usecase/order/findbyid/order_dto_wrapper.go:8.60,20.35 3 1
github.com/caiojorge/fiap-challenge-ddd/internal/core/usecase/order/findbyid/order_dto_wrapper.go:20.35,29.3 2 1
github.com/caiojorge/fiap-challenge-ddd/internal/core/usecase/order/findbyid/order_dto_wrapper.go:31.2,33.15 2 1
github.com/caiojorge/fiap-challenge-ddd/internal/core/usecase/order/findbyid/order_find_by_id.go:13.79,17.2 1 1
github.com/caiojorge/fiap-challenge-ddd/internal/core/usecase/order/findbyid/order_find_by_id.go:19.112,22.16 2 1
github.com/caiojorge/fiap-challenge-ddd/internal/core/usecase/order/findbyid/order_find_by_id.go:22.16,24.3 1 1
github.com/caiojorge/fiap-challenge-ddd/internal/core/usecase/order/findbyid/order_find_by_id.go:26.2,28.21 2 1
github.com/caiojorge/fiap-challenge-ddd/internal/shared/id_generator.go:5.30,7.2 1 0
github.com/caiojorge/fiap-challenge-ddd/internal/core/domain/repository/mocks/mock_customer_repository.go:27.81,31.2 3 0
github.com/caiojorge/fiap-challenge-ddd/internal/core/domain/repository/mocks/mock_customer_repository.go:34.79,36.2 1 0
github.com/caiojorge/fiap-challenge-ddd/internal/core/domain/repository/mocks/mock_customer_repository.go:39.95,44.2 4 0
github.com/caiojorge/fiap-challenge-ddd/internal/core/domain/repository/mocks/mock_customer_repository.go:47.94,50.2 2 0
github.com/caiojorge/fiap-challenge-ddd/internal/core/domain/repository/mocks/mock_customer_repository.go:53.97,59.2 5 0
github.com/caiojorge/fiap-challenge-ddd/internal/core/domain/repository/mocks/mock_customer_repository.go:62.86,65.2 2 0
github.com/caiojorge/fiap-challenge-ddd/internal/core/domain/repository/mocks/mock_customer_repository.go:68.91,74.2 5 0
github.com/caiojorge/fiap-challenge-ddd/internal/core/domain/repository/mocks/mock_customer_repository.go:77.85,80.2 2 0
github.com/caiojorge/fiap-challenge-ddd/internal/core/domain/repository/mocks/mock_customer_repository.go:83.95,88.2 4 0
github.com/caiojorge/fiap-challenge-ddd/internal/core/domain/repository/mocks/mock_customer_repository.go:91.94,94.2 2 0
github.com/caiojorge/fiap-challenge-ddd/internal/core/domain/repository/mocks/mock_order_repository.go:27.75,31.2 3 0
github.com/caiojorge/fiap-challenge-ddd/internal/core/domain/repository/mocks/mock_order_repository.go:34.73,36.2 1 0
github.com/caiojorge/fiap-challenge-ddd/internal/core/domain/repository/mocks/mock_order_repository.go:39.88,44.2 4 0
github.com/caiojorge/fiap-challenge-ddd/internal/core/domain/repository/mocks/mock_order_repository.go:47.90,50.2 2 0
github.com/caiojorge/fiap-challenge-ddd/internal/core/domain/repository/mocks/mock_order_repository.go:53.76,58.2 4 0
github.com/caiojorge/fiap-challenge-ddd/internal/core/domain/repository/mocks/mock_order_repository.go:61.85,64.2 2 0
github.com/caiojorge/fiap-challenge-ddd/internal/core/domain/repository/mocks/mock_order_repository.go:67.91,73.2 5 0
github.com/caiojorge/fiap-challenge-ddd/internal/core/domain/repository/mocks/mock_order_repository.go:76.83,79.2 2 0
github.com/caiojorge/fiap-challenge-ddd/internal/core/domain/repository/mocks/mock_order_repository.go:82.85,88.2 5 0
github.com/caiojorge/fiap-challenge-ddd/internal/core/domain/repository/mocks/mock_order_repository.go:91.82,94.2 2 0
github.com/caiojorge/fiap-challenge-ddd/internal/core/domain/repository/mocks/mock_order_repository.go:97.121,103.2 5 0
github.com/caiojorge/fiap-challenge-ddd/internal/core/domain/repository/mocks/mock_order_repository.go:106.95,109.2 2 0
github.com/caiojorge/fiap-challenge-ddd/internal/core/domain/repository/mocks/mock_order_repository.go:112.88,117.2 4 0
github.com/caiojorge/fiap-challenge-ddd/internal/core/domain/repository/mocks/mock_order_repository.go:120.90,123.2 2 0
github.com/caiojorge/fiap-challenge-ddd/internal/core/domain/repository/mocks/mock_product_repository.go:27.79,31.2 3 1
github.com/caiojorge/fiap-challenge-ddd/internal/core/domain/repository/mocks/mock_product_repository.go:34.77,36.2 1 1
github.com/caiojorge/fiap-challenge-ddd/internal/core/domain/repository/mocks/mock_product_repository.go:39.92,44.2 4 1
github.com/caiojorge/fiap-challenge-ddd/internal/core/domain/repository/mocks/mock_product_repository.go:47.92,50.2 2 1
github.com/caiojorge/fiap-challenge-ddd/internal/core/domain/repository/mocks/mock_product_repository.go:53.78,58.2 4 0
github.com/caiojorge/fiap-challenge-ddd/internal/core/domain/repository/mocks/mock_product_repository.go:61.87,64.2 2 0
github.com/caiojorge/fiap-challenge-ddd/internal/core/domain/repository/mocks/mock_product_repository.go:67.95,73.2 5 0
github.com/caiojorge/fiap-challenge-ddd/internal/core/domain/repository/mocks/mock_product_repository.go:76.85,79.2 2 0
github.com/caiojorge/fiap-challenge-ddd/internal/core/domain/repository/mocks/mock_product_repository.go:82.89,88.2 5 1
github.com/caiojorge/fiap-challenge-ddd/internal/core/domain/repository/mocks/mock_product_repository.go:91.84,94.2 2 1
github.com/caiojorge/fiap-challenge-ddd/internal/core/domain/repository/mocks/mock_product_repository.go:97.107,103.2 5 0
github.com/caiojorge/fiap-challenge-ddd/internal/core/domain/repository/mocks/mock_product_repository.go:106.95,109.2 2 0
github.com/caiojorge/fiap-challenge-ddd/internal/core/domain/repository/mocks/mock_product_repository.go:112.103,118.2 5 0
github.com/caiojorge/fiap-challenge-ddd/internal/core/domain/repository/mocks/mock_product_repository.go:121.93,124.2 2 0
github.com/caiojorge/fiap-challenge-ddd/internal/core/domain/repository/mocks/mock_product_repository.go:127.92,132.2 4 0
github.com/caiojorge/fiap-challenge-ddd/internal/core/domain/repository/mocks/mock_product_repository.go:135.92,138.2 2 0
github.com/caiojorge/fiap-challenge-ddd/internal/core/usecase/product/findall/find_all_product_dto.go:13.72,19.2 5 1
github.com/caiojorge/fiap-challenge-ddd/internal/core/usecase/product/findall/product_find_all.go:13.83,17.2 1 1
github.com/caiojorge/fiap-challenge-ddd/internal/core/usecase/product/findall/product_find_all.go:20.107,23.16 2 1
github.com/caiojorge/fiap-challenge-ddd/internal/core/usecase/product/findall/product_find_all.go:23.16,25.3 1 0
github.com/caiojorge/fiap-challenge-ddd/internal/core/usecase/product/findall/product_find_all.go:27.2,29.35 2 1
github.com/caiojorge/fiap-challenge-ddd/internal/core/usecase/product/findall/product_find_all.go:29.35,33.3 3 1
github.com/caiojorge/fiap-challenge-ddd/internal/core/usecase/product/findall/product_find_all.go:35.2,35.20 1 1
github.com/caiojorge/fiap-challenge-ddd/internal/shared/id_generator.go:5.30,7.2 1 1
github.com/caiojorge/fiap-challenge-ddd/internal/core/domain/repository/mocks/mock_customer_repository.go:27.81,31.2 3 0
github.com/caiojorge/fiap-challenge-ddd/internal/core/domain/repository/mocks/mock_customer_repository.go:34.79,36.2 1 0
github.com/caiojorge/fiap-challenge-ddd/internal/core/domain/repository/mocks/mock_customer_repository.go:39.95,44.2 4 0
github.com/caiojorge/fiap-challenge-ddd/internal/core/domain/repository/mocks/mock_customer_repository.go:47.94,50.2 2 0
github.com/caiojorge/fiap-challenge-ddd/internal/core/domain/repository/mocks/mock_customer_repository.go:53.97,59.2 5 0
github.com/caiojorge/fiap-challenge-ddd/internal/core/domain/repository/mocks/mock_customer_repository.go:62.86,65.2 2 0
github.com/caiojorge/fiap-challenge-ddd/internal/core/domain/repository/mocks/mock_customer_repository.go:68.91,74.2 5 0
github.com/caiojorge/fiap-challenge-ddd/internal/core/domain/repository/mocks/mock_customer_repository.go:77.85,80.2 2 0
github.com/caiojorge/fiap-challenge-ddd/internal/core/domain/repository/mocks/mock_customer_repository.go:83.95,88.2 4 0
github.com/caiojorge/fiap-challenge-ddd/internal/core/domain/repository/mocks/mock_customer_repository.go:91.94,94.2 2 0
github.com/caiojorge/fiap-challenge-ddd/internal/core/domain/repository/mocks/mock_order_repository.go:27.75,31.2 3 0
github.com/caiojorge/fiap-challenge-ddd/internal/core/domain/repository/mocks/mock_order_repository.go:34.73,36.2 1 0
github.com/caiojorge/fiap-challenge-ddd/internal/core/domain/repository/mocks/mock_order_repository.go:39.88,44.2 4 0
github.com/caiojorge/fiap-challenge-ddd/internal/core/domain/repository/mocks/mock_order_repository.go:47.90,50.2 2 0
github.com/caiojorge/fiap-challenge-ddd/internal/core/domain/repository/mocks/mock_order_repository.go:53.76,58.2 4 0
github.com/caiojorge/fiap-challenge-ddd/internal/core/domain/repository/mocks/mock_order_repository.go:61.85,64.2 2 0
github.com/caiojorge/fiap-challenge-ddd/internal/core/domain/repository/mocks/mock_order_repository.go:67.91,73.2 5 0
github.com/caiojorge/fiap-challenge-ddd/internal/core/domain/repository/mocks/mock_order_repository.go:76.83,79.2 2 0
github.com/caiojorge/fiap-challenge-ddd/internal/core/domain/repository/mocks/mock_order_repository.go:82.85,88.2 5 0
github.com/caiojorge/fiap-challenge-ddd/internal/core/domain/repository/mocks/mock_order_repository.go:91.82,94.2 2 0
github.com/caiojorge/fiap-challenge-ddd/internal/core/domain/repository/mocks/mock_order_repository.go:97.121,103.2 5 0
github.com/caiojorge/fiap-challenge-ddd/internal/core/domain/repository/mocks/mock_order_repository.go:106.95,109.2 2 0
github.com/caiojorge/fiap-challenge-ddd/internal/core/domain/repository/mocks/mock_order_repository.go:112.88,117.2 4 0
github.com/caiojorge/fiap-challenge-ddd/internal/core/domain/repository/mocks/mock_order_repository.go:120.90,123.2 2 0
github.com/caiojorge/fiap-challenge-ddd/internal/core/domain/repository/mocks/mock_product_repository.go:27.79,31.2 3 1
github.com/caiojorge/fiap-challenge-ddd/internal/core/domain/repository/mocks/mock_product_repository.go:34.77,36.2 1 1
github.com/caiojorge/fiap-challenge-ddd/internal/core/domain/repository/mocks/mock_product_repository.go:39.92,44.2 4 1
github.com/caiojorge/fiap-challenge-ddd/internal/core/domain/repository/mocks/mock_product_repository.go:47.92,50.2 2 1
github.com/caiojorge/fiap-challenge-ddd/internal/core/domain/repository/mocks/mock_product_repository.go:53.78,58.2 4 0
github.com/caiojorge/fiap-challenge-ddd/internal/core/domain/repository/mocks/mock_product_repository.go:61.87,64.2 2 0
github.com/caiojorge/fiap-challenge-ddd/internal/core/domain/repository/mocks/mock_product_repository.go:67.95,73.2 5 1
github.com/caiojorge/fiap-challenge-ddd/internal/core/domain/repository/mocks/mock_product_repository.go:76.85,79.2 2 1
github.com/caiojorge/fiap-challenge-ddd/internal/core/domain/repository/mocks/mock_product_repository.go:82.89,88.2 5 0
github.com/caiojorge/fiap-challenge-ddd/internal/core/domain/repository/mocks/mock_product_repository.go:91.84,94.2 2 0
github.com/caiojorge/fiap-challenge-ddd/internal/core/domain/repository/mocks/mock_product_repository.go:97.107,103.2 5 0
github.com/caiojorge/fiap-challenge-ddd/internal/core/domain/repository/mocks/mock_product_repository.go:106.95,109.2 2 0
github.com/caiojorge/fiap-challenge-ddd/internal/core/domain/repository/mocks/mock_product_repository.go:112.103,118.2 5 1
github.com/caiojorge/fiap-challenge-ddd/internal/core/domain/repository/mocks/mock_product_repository.go:121.93,124.2 2 1
github.com/caiojorge/fiap-challenge-ddd/internal/core/domain/repository/mocks/mock_product_repository.go:127.92,132.2 4 1
github.com/caiojorge/fiap-challenge-ddd/internal/core/domain/repository/mocks/mock_product_repository.go:135.92,138.2 2 1
github.com/caiojorge/fiap-challenge-ddd/internal/core/usecase/product/update/product_update.go:14.91,18.2 1 1
github.com/caiojorge/fiap-challenge-ddd/internal/core/usecase/product/update/product_update.go:21.132,24.16 2 1
github.com/caiojorge/fiap-challenge-ddd/internal/core/usecase/product/update/product_update.go:24.16,26.3 1 0
github.com/caiojorge/fiap-challenge-ddd/internal/core/usecase/product/update/product_update.go:28.2,28.16 1 1
github.com/caiojorge/fiap-challenge-ddd/internal/core/usecase/product/update/product_update.go:28.16,30.3 1 0
github.com/caiojorge/fiap-challenge-ddd/internal/core/usecase/product/update/product_update.go:32.2,33.16 2 1
github.com/caiojorge/fiap-challenge-ddd/internal/core/usecase/product/update/product_update.go:33.16,35.3 1 0
github.com/caiojorge/fiap-challenge-ddd/internal/core/usecase/product/update/product_update.go:37.2,40.20 3 1
github.com/caiojorge/fiap-challenge-ddd/internal/core/usecase/product/update/product_update_dto.go:14.62,22.2 1 1
github.com/caiojorge/fiap-challenge-ddd/internal/core/usecase/product/update/product_update_dto.go:32.71,38.2 5 1
github.com/caiojorge/fiap-challenge-ddd/internal/shared/id_generator.go:5.30,7.2 1 1
github.com/caiojorge/fiap-challenge-ddd/internal/infraestructure/driven/converter/customer_converter.go:12.58,21.2 2 1
github.com/caiojorge/fiap-challenge-ddd/internal/infraestructure/driven/converter/customer_converter.go:25.55,28.16 2 1
github.com/caiojorge/fiap-challenge-ddd/internal/infraestructure/driven/converter/customer_converter.go:28.16,30.3 1 0
github.com/caiojorge/fiap-challenge-ddd/internal/infraestructure/driven/converter/customer_converter.go:32.2,40.3 2 1
github.com/caiojorge/fiap-challenge-ddd/internal/infraestructure/driven/converter/order_converter.go:10.42,12.2 1 1
github.com/caiojorge/fiap-challenge-ddd/internal/infraestructure/driven/converter/order_converter.go:14.73,23.2 1 1
github.com/caiojorge/fiap-challenge-ddd/internal/infraestructure/driven/converter/order_converter.go:25.70,34.2 1 1
github.com/caiojorge/fiap-challenge-ddd/internal/infraestructure/driven/converter/order_converter.go:36.64,37.16 1 1
github.com/caiojorge/fiap-challenge-ddd/internal/infraestructure/driven/converter/order_converter.go:37.16,39.3 1 0
github.com/caiojorge/fiap-challenge-ddd/internal/infraestructure/driven/converter/order_converter.go:40.2,40.13 1 1
github.com/caiojorge/fiap-challenge-ddd/internal/infraestructure/driven/converter/order_converter.go:44.89,46.29 2 1
github.com/caiojorge/fiap-challenge-ddd/internal/infraestructure/driven/converter/order_converter.go:46.29,54.3 1 1
github.com/caiojorge/fiap-challenge-ddd/internal/infraestructure/driven/converter/order_converter.go:55.2,55.19 1 1
github.com/caiojorge/fiap-challenge-ddd/internal/infraestructure/driven/converter/order_converter.go:58.87,60.29 2 1
github.com/caiojorge/fiap-challenge-ddd/internal/infraestructure/driven/converter/order_converter.go:60.29,68.3 1 1
github.com/caiojorge/fiap-challenge-ddd/internal/infraestructure/driven/converter/order_converter.go:69.2,69.20 1 1
github.com/caiojorge/fiap-challenge-ddd/internal/infraestructure/driven/converter/product_converter.go:10.46,12.2 1 0
github.com/caiojorge/fiap-challenge-ddd/internal/infraestructure/driven/converter/product_converter.go:14.79,23.2 1 0
github.com/caiojorge/fiap-challenge-ddd/internal/infraestructure/driven/converter/product_converter.go:26.76,29.2 2 0
github.com/caiojorge/fiap-challenge-ddd/internal/shared/id_generator.go:5.30,7.2 1 0
github.com/caiojorge/fiap-challenge-ddd/internal/core/domain/repository/mocks/mock_customer_repository.go:27.81,31.2 3 0
github.com/caiojorge/fiap-challenge-ddd/internal/core/domain/repository/mocks/mock_customer_repository.go:34.79,36.2 1 0
github.com/caiojorge/fiap-challenge-ddd/internal/core/domain/repository/mocks/mock_customer_repository.go:39.95,44.2 4 0
github.com/caiojorge/fiap-challenge-ddd/internal/core/domain/repository/mocks/mock_customer_repository.go:47.94,50.2 2 0
github.com/caiojorge/fiap-challenge-ddd/internal/core/domain/repository/mocks/mock_customer_repository.go:53.97,59.2 5 0
github.com/caiojorge/fiap-challenge-ddd/internal/core/domain/repository/mocks/mock_customer_repository.go:62.86,65.2 2 0
github.com/caiojorge/fiap-challenge-ddd/internal/core/domain/repository/mocks/mock_customer_repository.go:68.91,74.2 5 0
github.com/caiojorge/fiap-challenge-ddd/internal/core/domain/repository/mocks/mock_customer_repository.go:77.85,80.2 2 0
github.com/caiojorge/fiap-challenge-ddd/internal/core/domain/repository/mocks/mock_customer_repository.go:83.95,88.2 4 0
github.com/caiojorge/fiap-challenge-ddd/internal/core/domain/repository/mocks/mock_customer_repository.go:91.94,94.2 2 0
github.com/caiojorge/fiap-challenge-ddd/internal/core/domain/repository/mocks/mock_order_repository.go:27.75,31.2 3 0
github.com/caiojorge/fiap-challenge-ddd/internal/core/domain/repository/mocks/mock_order_repository.go:34.73,36.2 1 0
github.com/caiojorge/fiap-challenge-ddd/internal/core/domain/repository/mocks/mock_order_repository.go:39.88,44.2 4 0
github.com/caiojorge/fiap-challenge-ddd/internal/core/domain/repository/mocks/mock_order_repository.go:47.90,50.2 2 0
github.com/caiojorge/fiap-challenge-ddd/internal/core/domain/repository/mocks/mock_order_repository.go:53.76,58.2 4 0
github.com/caiojorge/fiap-challenge-ddd/internal/core/domain/repository/mocks/mock_order_repository.go:61.85,64.2 2 0
github.com/caiojorge/fiap-challenge-ddd/internal/core/domain/repository/mocks/mock_order_repository.go:67.91,73.2 5 0
github.com/caiojorge/fiap-challenge-ddd/internal/core/domain/repository/mocks/mock_order_repository.go:76.83,79.2 2 0
github.com/caiojorge/fiap-challenge-ddd/internal/core/domain/repository/mocks/mock_order_repository.go:82.85,88.2 5 0
github.com/caiojorge/fiap-challenge-ddd/internal/core/domain/repository/mocks/mock_order_repository.go:91.82,94.2 2 0
github.com/caiojorge/fiap-challenge-ddd/internal/core/domain/repository/mocks/mock_order_repository.go:97.121,103.2 5 0
github.com/caiojorge/fiap-challenge-ddd/internal/core/domain/repository/mocks/mock_order_repository.go:106.95,109.2 2 0
github.com/caiojorge/fiap-challenge-ddd/internal/core/domain/repository/mocks/mock_order_repository.go:112.88,117.2 4 0
github.com/caiojorge/fiap-challenge-ddd/internal/core/domain/repository/mocks/mock_order_repository.go:120.90,123.2 2 0
github.com/caiojorge/fiap-challenge-ddd/internal/core/domain/repository/mocks/mock_product_repository.go:27.79,31.2 3 1
github.com/caiojorge/fiap-challenge-ddd/internal/core/domain/repository/mocks/mock_product_repository.go:34.77,36.2 1 1
github.com/caiojorge/fiap-challenge-ddd/internal/core/domain/repository/mocks/mock_product_repository.go:39.92,44.2 4 1
github.com/caiojorge/fiap-challenge-ddd/internal/core/domain/repository/mocks/mock_product_repository.go:47.92,50.2 2 1
github.com/caiojorge/fiap-challenge-ddd/internal/core/domain/repository/mocks/mock_product_repository.go:53.78,58.2 4 0
github.com/caiojorge/fiap-challenge-ddd/internal/core/domain/repository/mocks/mock_product_repository.go:61.87,64.2 2 0
github.com/caiojorge/fiap-challenge-ddd/internal/core/domain/repository/mocks/mock_product_repository.go:67.95,73.2 5 1
github.com/caiojorge/fiap-challenge-ddd/internal/core/domain/repository/mocks/mock_product_repository.go:76.85,79.2 2 1
github.com/caiojorge/fiap-challenge-ddd/internal/core/domain/repository/mocks/mock_product_repository.go:82.89,88.2 5 1
github.com/caiojorge/fiap-challenge-ddd/internal/core/domain/repository/mocks/mock_product_repository.go:91.84,94.2 2 1
github.com/caiojorge/fiap-challenge-ddd/internal/core/domain/repository/mocks/mock_product_repository.go:97.107,103.2 5 0
github.com/caiojorge/fiap-challenge-ddd/internal/core/domain/repository/mocks/mock_product_repository.go:106.95,109.2 2 0
github.com/caiojorge/fiap-challenge-ddd/internal/core/domain/repository/mocks/mock_product_repository.go:112.103,118.2 5 1
github.com/caiojorge/fiap-challenge-ddd/internal/core/domain/repository/mocks/mock_product_repository.go:121.93,124.2 2 1
github.com/caiojorge/fiap-challenge-ddd/internal/core/domain/repository/mocks/mock_product_repository.go:127.92,132.2 4 0
github.com/caiojorge/fiap-challenge-ddd/internal/core/domain/repository/mocks/mock_product_repository.go:135.92,138.2 2 0
github.com/caiojorge/fiap-challenge-ddd/internal/core/usecase/product/register/product_register.go:15.95,19.2 1 1
github.com/caiojorge/fiap-challenge-ddd/internal/core/usecase/product/register/product_register.go:22.141,26.54 3 1
github.com/caiojorge/fiap-challenge-ddd/internal/core/usecase/product/register/product_register.go:26.54,29.3 2 0
github.com/caiojorge/fiap-challenge-ddd/internal/core/usecase/product/register/product_register.go:31.2,31.24 1 1
github.com/caiojorge/fiap-challenge-ddd/internal/core/usecase/product/register/product_register.go:31.24,34.3 2 0
github.com/caiojorge/fiap-challenge-ddd/internal/core/usecase/product/register/product_register.go:36.2,42.16 5 1
github.com/caiojorge/fiap-challenge-ddd/internal/core/usecase/product/register/product_register.go:42.16,44.3 1 0
github.com/caiojorge/fiap-challenge-ddd/internal/core/usecase/product/register/product_register.go:46.2,49.21 3 1
github.com/caiojorge/fiap-challenge-ddd/internal/core/usecase/product/register/product_register_dto.go:13.64,20.2 1 1
github.com/caiojorge/fiap-challenge-ddd/internal/core/usecase/product/register/product_register_dto.go:30.73,36.2 5 1
github.com/caiojorge/fiap-challenge-ddd/internal/shared/id_generator.go:5.30,7.2 1 1
github.com/caiojorge/fiap-challenge-ddd/internal/core/usecase/checkout/create/checkout_create.go:26.73,34.2 1 0
github.com/caiojorge/fiap-challenge-ddd/internal/core/usecase/checkout/create/checkout_create.go:37.126,41.15 2 0
github.com/caiojorge/fiap-challenge-ddd/internal/core/usecase/checkout/create/checkout_create.go:41.15,43.3 1 0
github.com/caiojorge/fiap-challenge-ddd/internal/core/usecase/checkout/create/checkout_create.go:46.2,47.16 2 0
github.com/caiojorge/fiap-challenge-ddd/internal/core/usecase/checkout/create/checkout_create.go:47.16,49.3 1 0
github.com/caiojorge/fiap-challenge-ddd/internal/core/usecase/checkout/create/checkout_create.go:51.2,51.18 1 0
github.com/caiojorge/fiap-challenge-ddd/internal/core/usecase/checkout/create/checkout_create.go:51.18,53.3 1 0
github.com/caiojorge/fiap-challenge-ddd/internal/core/usecase/checkout/create/checkout_create.go:55.2,55.20 1 0
github.com/caiojorge/fiap-challenge-ddd/internal/core/usecase/checkout/create/checkout_create.go:55.20,57.3 1 0
github.com/caiojorge/fiap-challenge-ddd/internal/core/usecase/checkout/create/checkout_create.go:59.2,63.16 3 0
github.com/caiojorge/fiap-challenge-ddd/internal/core/usecase/checkout/create/checkout_create.go:63.16,65.3 1 0
github.com/caiojorge/fiap-challenge-ddd/internal/core/usecase/checkout/create/checkout_create.go:67.2,67.26 1 0
github.com/caiojorge/fiap-challenge-ddd/internal/core/usecase/checkout/create/checkout_create.go:67.26,69.3 1 0
github.com/caiojorge/fiap-challenge-ddd/internal/core/usecase/checkout/create/checkout_create.go:72.2,74.16 3 0
github.com/caiojorge/fiap-challenge-ddd/internal/core/usecase/checkout/create/checkout_create.go:74.16,78.3 2 0
github.com/caiojorge/fiap-challenge-ddd/internal/core/usecase/checkout/create/checkout_create.go:80.2,82.16 3 0
github.com/caiojorge/fiap-challenge-ddd/internal/core/usecase/checkout/create/checkout_create.go:82.16,86.3 2 0
github.com/caiojorge/fiap-challenge-ddd/internal/core/usecase/checkout/create/checkout_create.go:88.2,89.16 2 0
github.com/caiojorge/fiap-challenge-ddd/internal/core/usecase/checkout/create/checkout_create.go:89.16,92.3 2 0
github.com/caiojorge/fiap-challenge-ddd/internal/core/usecase/checkout/create/checkout_create.go:95.2,95.35 1 0
github.com/caiojorge/fiap-challenge-ddd/internal/core/usecase/checkout/create/checkout_create.go:95.35,99.17 4 0
github.com/caiojorge/fiap-challenge-ddd/internal/core/usecase/checkout/create/checkout_create.go:99.17,102.4 2 0
github.com/caiojorge/fiap-challenge-ddd/internal/core/usecase/checkout/create/checkout_create.go:105.2,110.20 2 0
github.com/caiojorge/fiap-challenge-ddd/internal/core/usecase/checkout/create/checkout_dto.go:34.58,45.2 1 0
github.com/caiojorge/fiap-challenge-ddd/internal/core/usecase/checkout/create/checkout_dto.go:52.67,55.2 2 0
github.com/caiojorge/fiap-challenge-ddd/internal/core/usecase/order/findall/order_find_all.go:14.77,18.2 1 0
github.com/caiojorge/fiap-challenge-ddd/internal/core/usecase/order/findall/order_find_all.go:21.101,24.16 2 0
github.com/caiojorge/fiap-challenge-ddd/internal/core/usecase/order/findall/order_find_all.go:24.16,26.3 1 0
github.com/caiojorge/fiap-challenge-ddd/internal/core/usecase/order/findall/order_find_all.go:28.2,31.31 3 0
github.com/caiojorge/fiap-challenge-ddd/internal/core/usecase/order/findall/order_find_all.go:31.31,40.36 2 0
github.com/caiojorge/fiap-challenge-ddd/internal/core/usecase/order/findall/order_find_all.go:40.36,49.4 2 0
github.com/caiojorge/fiap-challenge-ddd/internal/core/usecase/order/findall/order_find_all.go:51.3,53.43 2 0
github.com/caiojorge/fiap-challenge-ddd/internal/core/usecase/order/findall/order_find_all.go:57.2,57.24 1 0
github.com/caiojorge/fiap-challenge-ddd/internal/core/usecase/product/delete/product_delete.go:14.91,18.2 1 0
github.com/caiojorge/fiap-challenge-ddd/internal/core/usecase/product/delete/product_delete.go:21.85,24.54 2 0
github.com/caiojorge/fiap-challenge-ddd/internal/core/usecase/product/delete/product_delete.go:24.54,27.3 2 0
github.com/caiojorge/fiap-challenge-ddd/internal/core/usecase/product/delete/product_delete.go:29.2,30.16 2 0
github.com/caiojorge/fiap-challenge-ddd/internal/core/usecase/product/delete/product_delete.go:30.16,32.3 1 0
github.com/caiojorge/fiap-challenge-ddd/internal/core/usecase/product/delete/product_delete.go:34.2,34.12 1 0
github.com/caiojorge/fiap-challenge-ddd/internal/core/usecase/product/delete/product_delete_dto.go:18.71,24.2 5 0
github.com/caiojorge/fiap-challenge-ddd/internal/core/usecase/kitchen/findall/kitchen_dto.go:18.56,27.2 1 0
github.com/caiojorge/fiap-challenge-ddd/internal/core/usecase/kitchen/findall/kitchen_dto.go:38.74,46.2 6 0
github.com/caiojorge/fiap-challenge-ddd/internal/core/usecase/kitchen/findall/kitchen_find_all.go:15.83,19.2 1 0
github.com/caiojorge/fiap-challenge-ddd/internal/core/usecase/kitchen/findall/kitchen_find_all.go:22.107,25.16 2 0
github.com/caiojorge/fiap-challenge-ddd/internal/core/usecase/kitchen/findall/kitchen_find_all.go:25.16,27.3 1 0
github.com/caiojorge/fiap-challenge-ddd/internal/core/usecase/kitchen/findall/kitchen_find_all.go:29.2,29.22 1 0
github.com/caiojorge/fiap-challenge-ddd/internal/core/usecase/kitchen/findall/kitchen_find_all.go:29.22,31.3 1 0
github.com/caiojorge/fiap-challenge-ddd/internal/core/usecase/kitchen/findall/kitchen_find_all.go:33.2,37.21 3 0
github.com/caiojorge/fiap-challenge-ddd/docs/docs.go:1190.13,1192.2 1 0
github.com/caiojorge/fiap-challenge-ddd/internal/core/usecase/product/findbyid/product_find_by_id.go:13.85,17.2 1 0
github.com/caiojorge/fiap-challenge-ddd/internal/core/usecase/product/findbyid/product_find_by_id.go:19.118,22.16 2 0
github.com/caiojorge/fiap-challenge-ddd/internal/core/usecase/product/findbyid/product_find_by_id.go:22.16,24.3 1 0
github.com/caiojorge/fiap-challenge-ddd/internal/core/usecase/product/findbyid/product_find_by_id.go:26.2,29.24 3 0
github.com/caiojorge/fiap-challenge-ddd/internal/core/usecase/product/findbyid/product_find_by_id_dto.go:13.64,20.2 1 0
github.com/caiojorge/fiap-challenge-ddd/internal/core/usecase/product/findbyid/product_find_by_id_dto.go:30.73,36.2 5 0
github.com/caiojorge/fiap-challenge-ddd/internal/core/usecase/customer/update/customer_update.go:14.94,18.2 1 0
github.com/caiojorge/fiap-challenge-ddd/internal/core/usecase/customer/update/customer_update.go:21.109,25.16 3 0
github.com/caiojorge/fiap-challenge-ddd/internal/core/usecase/customer/update/customer_update.go:25.16,28.3 2 0
github.com/caiojorge/fiap-challenge-ddd/internal/core/usecase/customer/update/customer_update.go:30.2,30.14 1 0
github.com/caiojorge/fiap-challenge-ddd/internal/core/usecase/customer/update/customer_update.go:30.14,32.3 1 0
github.com/caiojorge/fiap-challenge-ddd/internal/core/usecase/customer/update/customer_update.go:34.2,38.16 3 0
github.com/caiojorge/fiap-challenge-ddd/internal/core/usecase/customer/update/customer_update.go:38.16,40.3 1 0
github.com/caiojorge/fiap-challenge-ddd/internal/core/usecase/customer/update/customer_update.go:42.2,42.12 1 0
github.com/caiojorge/fiap-challenge-ddd/internal/core/usecase/customer/update/customer_update_dto.go:15.64,23.2 1 0
github.com/caiojorge/fiap-challenge-ddd/internal/core/usecase/customer/update/customer_update_dto.go:31.74,35.2 3 0
github.com/caiojorge/fiap-challenge-ddd/internal/core/usecase/customer/findall/customer_find_all.go:13.96,17.2 1 0
github.com/caiojorge/fiap-challenge-ddd/internal/core/usecase/customer/findall/customer_find_all.go:19.110,22.16 2 0
github.com/caiojorge/fiap-challenge-ddd/internal/core/usecase/customer/findall/customer_find_all.go:22.16,24.3 1 0
github.com/caiojorge/fiap-challenge-ddd/internal/core/usecase/customer/findall/customer_find_all.go:26.2,28.37 2 0
github.com/caiojorge/fiap-challenge-ddd/internal/core/usecase/customer/findall/customer_find_all.go:28.37,32.3 3 0
github.com/caiojorge/fiap-challenge-ddd/internal/core/usecase/customer/findall/customer_find_all.go:34.2,34.20 1 0
github.com/caiojorge/fiap-challenge-ddd/internal/core/usecase/customer/findall/customer_find_all_dto.go:15.65,23.2 1 0
github.com/caiojorge/fiap-challenge-ddd/internal/core/usecase/customer/findall/customer_find_all_dto.go:31.75,35.2 3 0
github.com/caiojorge/fiap-challenge-ddd/internal/core/domain/repository/mocks/mock_customer_repository.go:27.81,31.2 3 0
github.com/caiojorge/fiap-challenge-ddd/internal/core/domain/repository/mocks/mock_customer_repository.go:34.79,36.2 1 0
github.com/caiojorge/fiap-challenge-ddd/internal/core/domain/repository/mocks/mock_customer_repository.go:39.95,44.2 4 0
github.com/caiojorge/fiap-challenge-ddd/internal/core/domain/repository/mocks/mock_customer_repository.go:47.94,50.2 2 0
github.com/caiojorge/fiap-challenge-ddd/internal/core/domain/repository/mocks/mock_customer_repository.go:53.97,59.2 5 0
github.com/caiojorge/fiap-challenge-ddd/internal/core/domain/repository/mocks/mock_customer_repository.go:62.86,65.2 2 0
github.com/caiojorge/fiap-challenge-ddd/internal/core/domain/repository/mocks/mock_customer_repository.go:68.91,74.2 5 0
github.com/caiojorge/fiap-challenge-ddd/internal/core/domain/repository/mocks/mock_customer_repository.go:77.85,80.2 2 0
github.com/caiojorge/fiap-challenge-ddd/internal/core/domain/repository/mocks/mock_customer_repository.go:83.95,88.2 4 0
github.com/caiojorge/fiap-challenge-ddd/internal/core/domain/repository/mocks/mock_customer_repository.go:91.94,94.2 2 0
github.com/caiojorge/fiap-challenge-ddd/internal/core/domain/repository/mocks/mock_order_repository.go:27.75,31.2 3 0
github.com/caiojorge/fiap-challenge-ddd/internal/core/domain/repository/mocks/mock_order_repository.go:34.73,36.2 1 0
github.com/caiojorge/fiap-challenge-ddd/internal/core/domain/repository/mocks/mock_order_repository.go:39.88,44.2 4 0
github.com/caiojorge/fiap-challenge-ddd/internal/core/domain/repository/mocks/mock_order_repository.go:47.90,50.2 2 0
github.com/caiojorge/fiap-challenge-ddd/internal/core/domain/repository/mocks/mock_order_repository.go:53.76,58.2 4 0
github.com/caiojorge/fiap-challenge-ddd/internal/core/domain/repository/mocks/mock_order_repository.go:61.85,64.2 2 0
github.com/caiojorge/fiap-challenge-ddd/internal/core/domain/repository/mocks/mock_order_repository.go:67.91,73.2 5 0
github.com/caiojorge/fiap-challenge-ddd/internal/core/domain/repository/mocks/mock_order_repository.go:76.83,79.2 2 0
github.com/caiojorge/fiap-challenge-ddd/internal/core/domain/repository/mocks/mock_order_repository.go:82.85,88.2 5 0
github.com/caiojorge/fiap-challenge-ddd/internal/core/domain/repository/mocks/mock_order_repository.go:91.82,94.2 2 0
github.com/caiojorge/fiap-challenge-ddd/internal/core/domain/repository/mocks/mock_order_repository.go:97.121,103.2 5 0
github.com/caiojorge/fiap-challenge-ddd/internal/core/domain/repository/mocks/mock_order_repository.go:106.95,109.2 2 0
github.com/caiojorge/fiap-challenge-ddd/internal/core/domain/repository/mocks/mock_order_repository.go:112.88,117.2 4 0
github.com/caiojorge/fiap-challenge-ddd/internal/core/domain/repository/mocks/mock_order_repository.go:120.90,123.2 2 0
github.com/caiojorge/fiap-challenge-ddd/internal/core/domain/repository/mocks/mock_product_repository.go:27.79,31.2 3 0
github.com/caiojorge/fiap-challenge-ddd/internal/core/domain/repository/mocks/mock_product_repository.go:34.77,36.2 1 0
github.com/caiojorge/fiap-challenge-ddd/internal/core/domain/repository/mocks/mock_product_repository.go:39.92,44.2 4 0
github.com/caiojorge/fiap-challenge-ddd/internal/core/domain/repository/mocks/mock_product_repository.go:47.92,50.2 2 0
github.com/caiojorge/fiap-challenge-ddd/internal/core/domain/repository/mocks/mock_product_repository.go:53.78,58.2 4 0
github.com/caiojorge/fiap-challenge-ddd/internal/core/domain/repository/mocks/mock_product_repository.go:61.87,64.2 2 0
github.com/caiojorge/fiap-challenge-ddd/internal/core/domain/repository/mocks/mock_product_repository.go:67.95,73.2 5 0
github.com/caiojorge/fiap-challenge-ddd/internal/core/domain/repository/mocks/mock_product_repository.go:76.85,79.2 2 0
github.com/caiojorge/fiap-challenge-ddd/internal/core/domain/repository/mocks/mock_product_repository.go:82.89,88.2 5 0
[...]
github.com/caiojorge/fiap-challenge-ddd/internal/core/usecase/product/delete/product_delete.go:34.2,34.12 1 0
github.com/caiojorge/fiap-challenge-ddd/internal/core/usecase/product/delete/product_delete_dto.go:18.71,24.2 5 0
github.com/caiojorge/fiap-challenge-ddd/internal/core/usecase/product/findbycategory/product_find_by_category.go:13.97,17.2 1 0
github.com/caiojorge/fiap-challenge-ddd/internal/core/usecase/product/findbycategory/product_find_by_category.go:19.144,22.16 2 0
github.com/caiojorge/fiap-challenge-ddd/internal/core/usecase/product/findbycategory/product_find_by_category.go:22.16,24.3 1 0
github.com/caiojorge/fiap-challenge-ddd/internal/core/usecase/product/findbycategory/product_find_by_category.go:26.2,28.35 2 0
github.com/caiojorge/fiap-challenge-ddd/internal/core/usecase/product/findbycategory/product_find_by_category.go:28.35,33.3 3 0
github.com/caiojorge/fiap-challenge-ddd/internal/core/usecase/product/findbycategory/product_find_by_category.go:35.2,35.25 1 0
github.com/caiojorge/fiap-challenge-ddd/internal/core/usecase/product/findbycategory/product_find_by_category_dto.go:13.70,20.2 1 0
github.com/caiojorge/fiap-challenge-ddd/internal/core/usecase/product/findbycategory/product_find_by_category_dto.go:30.79,36.2 5 0
github.com/caiojorge/fiap-challenge-ddd/internal/core/usecase/product/findbyid/product_find_by_id.go:13.85,17.2 1 0
github.com/caiojorge/fiap-challenge-ddd/internal/core/usecase/product/findbyid/product_find_by_id.go:19.118,22.16 2 0
github.com/caiojorge/fiap-challenge-ddd/internal/core/usecase/product/findbyid/product_find_by_id.go:22.16,24.3 1 0
github.com/caiojorge/fiap-challenge-ddd/internal/core/usecase/product/findbyid/product_find_by_id.go:26.2,29.24 3 0
github.com/caiojorge/fiap-challenge-ddd/internal/core/usecase/product/findbyid/product_find_by_id_dto.go:13.64,20.2 1 0
github.com/caiojorge/fiap-challenge-ddd/internal/core/usecase/product/findbyid/product_find_by_id_dto.go:30.73,36.2 5 0
github.com/caiojorge/fiap-challenge-ddd/internal/infraestructure/driven/gateway/payment_service.go:14.50,16.2 1 0
github.com/caiojorge/fiap-challenge-ddd/internal/infraestructure/driven/gateway/payment_service.go:19.113,22.2 2 0
github.com/caiojorge/fiap-challenge-ddd/internal/infraestructure/driven/gateway/payment_service.go:25.86,27.2 1 0
github.com/caiojorge/fiap-challenge-ddd/internal/infraestructure/driver/api/controller/checkout/create_checkout_controller.go:21.72,26.2 1 0
github.com/caiojorge/fiap-challenge-ddd/internal/infraestructure/driver/api/controller/checkout/create_checkout_controller.go:40.71,43.41 2 0
github.com/caiojorge/fiap-challenge-ddd/internal/infraestructure/driver/api/controller/checkout/create_checkout_controller.go:43.41,46.3 2 0
github.com/caiojorge/fiap-challenge-ddd/internal/infraestructure/driver/api/controller/checkout/create_checkout_controller.go:48.2,51.16 3 0
github.com/caiojorge/fiap-challenge-ddd/internal/infraestructure/driver/api/controller/checkout/create_checkout_controller.go:51.16,54.3 2 0
github.com/caiojorge/fiap-challenge-ddd/internal/infraestructure/driver/api/controller/checkout/create_checkout_controller.go:56.2,56.19 1 0
github.com/caiojorge/fiap-challenge-ddd/internal/infraestructure/driver/api/controller/checkout/create_checkout_controller.go:56.19,59.3 2 0
github.com/caiojorge/fiap-challenge-ddd/internal/infraestructure/driver/api/controller/checkout/create_checkout_controller.go:61.2,61.52 1 0
github.com/caiojorge/fiap-challenge-ddd/internal/infraestructure/driver/api/controller/kitchen/find_all_kitchens_controller.go:16.125,21.2 1 0
github.com/caiojorge/fiap-challenge-ddd/internal/infraestructure/driver/api/controller/kitchen/find_all_kitchens_controller.go:33.74,36.16 2 0
github.com/caiojorge/fiap-challenge-ddd/internal/infraestructure/driver/api/controller/kitchen/find_all_kitchens_controller.go:36.16,39.3 2 0
github.com/caiojorge/fiap-challenge-ddd/internal/infraestructure/driver/api/controller/kitchen/find_all_kitchens_controller.go:41.2,41.24 1 0
github.com/caiojorge/fiap-challenge-ddd/internal/infraestructure/driver/api/controller/kitchen/find_all_kitchens_controller.go:41.24,44.3 2 0
github.com/caiojorge/fiap-challenge-ddd/internal/infraestructure/driver/api/controller/kitchen/find_all_kitchens_controller.go:46.2,46.33 1 0
github.com/caiojorge/fiap-challenge-ddd/internal/infraestructure/driver/api/server/gin_server.go:43.60,49.2 2 1
github.com/caiojorge/fiap-challenge-ddd/internal/infraestructure/driver/api/server/gin_server.go:51.38,53.2 1 0
github.com/caiojorge/fiap-challenge-ddd/internal/infraestructure/driver/api/server/gin_server.go:55.49,73.2 12 0
github.com/caiojorge/fiap-challenge-ddd/internal/infraestructure/driver/api/server/gin_server.go:73.2,85.3 8 0
github.com/caiojorge/fiap-challenge-ddd/internal/infraestructure/driver/api/server/gin_server.go:87.2,88.2 2 0
github.com/caiojorge/fiap-challenge-ddd/internal/infraestructure/driver/api/server/gin_server.go:88.2,107.3 12 0
github.com/caiojorge/fiap-challenge-ddd/internal/infraestructure/driver/api/server/gin_server.go:109.2,110.2 2 0
github.com/caiojorge/fiap-challenge-ddd/internal/infraestructure/driver/api/server/gin_server.go:110.2,124.3 8 0
github.com/caiojorge/fiap-challenge-ddd/internal/infraestructure/driver/api/server/gin_server.go:126.2,127.2 2 0
github.com/caiojorge/fiap-challenge-ddd/internal/infraestructure/driver/api/server/gin_server.go:127.2,130.3 2 0
github.com/caiojorge/fiap-challenge-ddd/internal/infraestructure/driver/api/server/gin_server.go:132.2,133.2 2 0
github.com/caiojorge/fiap-challenge-ddd/internal/infraestructure/driver/api/server/gin_server.go:133.2,136.3 2 0
github.com/caiojorge/fiap-challenge-ddd/internal/infraestructure/driver/api/server/gin_server.go:138.2,138.10 1 0
github.com/caiojorge/fiap-challenge-ddd/internal/infraestructure/driver/api/server/gin_server.go:141.38,142.43 1 0
github.com/caiojorge/fiap-challenge-ddd/internal/infraestructure/driver/api/server/gin_server.go:142.43,144.3 1 0
github.com/caiojorge/fiap-challenge-ddd/internal/infraestructure/driver/api/server/gin_server.go:147.45,149.2 1 1
github.com/caiojorge/fiap-challenge-ddd/internal/shared/id_generator.go:5.30,7.2 1 0
github.com/caiojorge/fiap-challenge-ddd/internal/core/domain/repository/mocks/mock_customer_repository.go:27.81,31.2 3 0
github.com/caiojorge/fiap-challenge-ddd/internal/core/domain/repository/mocks/mock_customer_repository.go:34.79,36.2 1 0
github.com/caiojorge/fiap-challenge-ddd/internal/core/domain/repository/mocks/mock_customer_repository.go:39.95,44.2 4 0
github.com/caiojorge/fiap-challenge-ddd/internal/core/domain/repository/mocks/mock_customer_repository.go:47.94,50.2 2 0
github.com/caiojorge/fiap-challenge-ddd/internal/core/domain/repository/mocks/mock_customer_repository.go:53.97,59.2 5 0
github.com/caiojorge/fiap-challenge-ddd/internal/core/domain/repository/mocks/mock_customer_repository.go:62.86,65.2 2 0
github.com/caiojorge/fiap-challenge-ddd/internal/core/domain/repository/mocks/mock_customer_repository.go:68.91,74.2 5 0
github.com/caiojorge/fiap-challenge-ddd/internal/core/domain/repository/mocks/mock_customer_repository.go:77.85,80.2 2 0
github.com/caiojorge/fiap-challenge-ddd/internal/core/domain/repository/mocks/mock_customer_repository.go:83.95,88.2 4 0
github.com/caiojorge/fiap-challenge-ddd/internal/core/domain/repository/mocks/mock_customer_repository.go:91.94,94.2 2 0
github.com/caiojorge/fiap-challenge-ddd/internal/core/domain/repository/mocks/mock_order_repository.go:27.75,31.2 3 0
github.com/caiojorge/fiap-challenge-ddd/internal/core/domain/repository/mocks/mock_order_repository.go:34.73,36.2 1 0
github.com/caiojorge/fiap-challenge-ddd/internal/core/domain/repository/mocks/mock_order_repository.go:39.88,44.2 4 0
github.com/caiojorge/fiap-challenge-ddd/internal/core/domain/repository/mocks/mock_order_repository.go:47.90,50.2 2 0
github.com/caiojorge/fiap-challenge-ddd/internal/core/domain/repository/mocks/mock_order_repository.go:53.76,58.2 4 0
github.com/caiojorge/fiap-challenge-ddd/internal/core/domain/repository/mocks/mock_order_repository.go:61.85,64.2 2 0
github.com/caiojorge/fiap-challenge-ddd/internal/core/domain/repository/mocks/mock_order_repository.go:67.91,73.2 5 0
github.com/caiojorge/fiap-challenge-ddd/internal/core/domain/repository/mocks/mock_order_repository.go:76.83,79.2 2 0
github.com/caiojorge/fiap-challenge-ddd/internal/core/domain/repository/mocks/mock_order_repository.go:82.85,88.2 5 0
github.com/caiojorge/fiap-challenge-ddd/internal/core/domain/repository/mocks/mock_order_repository.go:91.82,94.2 2 0
github.com/caiojorge/fiap-challenge-ddd/internal/core/domain/repository/mocks/mock_order_repository.go:97.121,103.2 5 0
github.com/caiojorge/fiap-challenge-ddd/internal/core/domain/repository/mocks/mock_order_repository.go:106.95,109.2 2 0
github.com/caiojorge/fiap-challenge-ddd/internal/core/domain/repository/mocks/mock_order_repository.go:112.88,117.2 4 0
github.com/caiojorge/fiap-challenge-ddd/internal/core/domain/repository/mocks/mock_order_repository.go:120.90,123.2 2 0
github.com/caiojorge/fiap-challenge-ddd/internal/core/domain/repository/mocks/mock_product_repository.go:27.79,31.2 3 1
github.com/caiojorge/fiap-challenge-ddd/internal/core/domain/repository/mocks/mock_product_repository.go:34.77,36.2 1 1
github.com/caiojorge/fiap-challenge-ddd/internal/core/domain/repository/mocks/mock_product_repository.go:39.92,44.2 4 1
github.com/caiojorge/fiap-challenge-ddd/internal/core/domain/repository/mocks/mock_product_repository.go:47.92,50.2 2 1
github.com/caiojorge/fiap-challenge-ddd/internal/core/domain/repository/mocks/mock_product_repository.go:53.78,58.2 4 0
github.com/caiojorge/fiap-challenge-ddd/internal/core/domain/repository/mocks/mock_product_repository.go:61.87,64.2 2 0
github.com/caiojorge/fiap-challenge-ddd/internal/core/domain/repository/mocks/mock_product_repository.go:67.95,73.2 5 1
github.com/caiojorge/fiap-challenge-ddd/internal/core/domain/repository/mocks/mock_product_repository.go:76.85,79.2 2 1
github.com/caiojorge/fiap-challenge-ddd/internal/core/domain/repository/mocks/mock_product_repository.go:82.89,88.2 5 1
github.com/caiojorge/fiap-challenge-ddd/internal/core/domain/repository/mocks/mock_product_repository.go:91.84,94.2 2 1
github.com/caiojorge/fiap-challenge-ddd/internal/core/domain/repository/mocks/mock_product_repository.go:97.107,103.2 5 0
github.com/caiojorge/fiap-challenge-ddd/internal/core/domain/repository/mocks/mock_product_repository.go:106.95,109.2 2 0
github.com/caiojorge/fiap-challenge-ddd/internal/core/domain/repository/mocks/mock_product_repository.go:112.103,118.2 5 1
github.com/caiojorge/fiap-challenge-ddd/internal/core/domain/repository/mocks/mock_product_repository.go:121.93,124.2 2 1
github.com/caiojorge/fiap-challenge-ddd/internal/core/domain/repository/mocks/mock_product_repository.go:127.92,132.2 4 0
github.com/caiojorge/fiap-challenge-ddd/internal/core/domain/repository/mocks/mock_product_repository.go:135.92,138.2 2 0
github.com/caiojorge/fiap-challenge-ddd/internal/core/usecase/product/delete/product_delete.go:14.91,18.2 1 0
github.com/caiojorge/fiap-challenge-ddd/internal/core/usecase/product/delete/product_delete.go:21.85,24.54 2 0
github.com/caiojorge/fiap-challenge-ddd/internal/core/usecase/product/delete/product_delete.go:24.54,27.3 2 0
github.com/caiojorge/fiap-challenge-ddd/internal/core/usecase/product/delete/product_delete.go:29.2,30.16 2 0
github.com/caiojorge/fiap-challenge-ddd/internal/core/usecase/product/delete/product_delete.go:30.16,32.3 1 0
github.com/caiojorge/fiap-challenge-ddd/internal/core/usecase/product/delete/product_delete.go:34.2,34.12 1 0
github.com/caiojorge/fiap-challenge-ddd/internal/core/usecase/product/delete/product_delete_dto.go:18.71,24.2 5 0
github.com/caiojorge/fiap-challenge-ddd/internal/core/usecase/product/findbycategory/product_find_by_category.go:13.97,17.2 1 0
github.com/caiojorge/fiap-challenge-ddd/internal/core/usecase/product/findbycategory/product_find_by_category.go:19.144,22.16 2 0
github.com/caiojorge/fiap-challenge-ddd/internal/core/usecase/product/findbycategory/product_find_by_category.go:22.16,24.3 1 0
github.com/caiojorge/fiap-challenge-ddd/internal/core/usecase/product/findbycategory/product_find_by_category.go:26.2,28.35 2 0
github.com/caiojorge/fiap-challenge-ddd/internal/core/usecase/product/findbycategory/product_find_by_category.go:28.35,33.3 3 0
github.com/caiojorge/fiap-challenge-ddd/internal/core/usecase/product/findbycategory/product_find_by_category.go:35.2,35.25 1 0
github.com/caiojorge/fiap-challenge-ddd/internal/core/usecase/product/findbycategory/product_find_by_category_dto.go:13.70,20.2 1 0
github.com/caiojorge/fiap-challenge-ddd/internal/core/usecase/product/findbycategory/product_find_by_category_dto.go:30.79,36.2 5 0
github.com/caiojorge/fiap-challenge-ddd/internal/core/usecase/product/findbyid/product_find_by_id.go:13.85,17.2 1 1
github.com/caiojorge/fiap-challenge-ddd/internal/core/usecase/product/findbyid/product_find_by_id.go:19.118,22.16 2 1
github.com/caiojorge/fiap-challenge-ddd/internal/core/usecase/product/findbyid/product_find_by_id.go:22.16,24.3 1 0
github.com/caiojorge/fiap-challenge-ddd/internal/core/usecase/product/findbyid/product_find_by_id.go:26.2,29.24 3 1
github.com/caiojorge/fiap-challenge-ddd/internal/core/usecase/product/findbyid/product_find_by_id_dto.go:13.64,20.2 1 0
github.com/caiojorge/fiap-challenge-ddd/internal/core/usecase/product/findbyid/product_find_by_id_dto.go:30.73,36.2 5 1
github.com/caiojorge/fiap-challenge-ddd/internal/infraestructure/driver/api/controller/product/delete_product_controller.go:16.123,21.2 1 0
github.com/caiojorge/fiap-challenge-ddd/internal/infraestructure/driver/api/controller/product/delete_product_controller.go:33.65,35.14 2 0
github.com/caiojorge/fiap-challenge-ddd/internal/infraestructure/driver/api/controller/product/delete_product_controller.go:35.14,38.3 2 0
github.com/caiojorge/fiap-challenge-ddd/internal/infraestructure/driver/api/controller/product/delete_product_controller.go:40.2,41.16 2 0
github.com/caiojorge/fiap-challenge-ddd/internal/infraestructure/driver/api/controller/product/delete_product_controller.go:41.16,44.3 2 0
github.com/caiojorge/fiap-challenge-ddd/internal/infraestructure/driver/api/controller/product/delete_product_controller.go:46.2,46.54 1 0
github.com/caiojorge/fiap-challenge-ddd/internal/infraestructure/driver/api/controller/product/find_all_products_controller.go:16.126,21.2 1 1
github.com/caiojorge/fiap-challenge-ddd/internal/infraestructure/driver/api/controller/product/find_all_products_controller.go:33.68,36.16 2 1
github.com/caiojorge/fiap-challenge-ddd/internal/infraestructure/driver/api/controller/product/find_all_products_controller.go:36.16,39.3 2 0
github.com/caiojorge/fiap-challenge-ddd/internal/infraestructure/driver/api/controller/product/find_all_products_controller.go:41.2,41.23 1 1
github.com/caiojorge/fiap-challenge-ddd/internal/infraestructure/driver/api/controller/product/find_all_products_controller.go:41.23,44.3 2 0
github.com/caiojorge/fiap-challenge-ddd/internal/infraestructure/driver/api/controller/product/find_all_products_controller.go:46.2,46.32 1 1
github.com/caiojorge/fiap-challenge-ddd/internal/infraestructure/driver/api/controller/product/find_product_by_category_controller.go:17.146,22.2 1 0
github.com/caiojorge/fiap-challenge-ddd/internal/infraestructure/driver/api/controller/product/find_product_by_category_controller.go:34.81,37.20 2 0
github.com/caiojorge/fiap-challenge-ddd/internal/infraestructure/driver/api/controller/product/find_product_by_category_controller.go:37.20,40.3 2 0
github.com/caiojorge/fiap-challenge-ddd/internal/infraestructure/driver/api/controller/product/find_product_by_category_controller.go:42.2,45.16 3 0
github.com/caiojorge/fiap-challenge-ddd/internal/infraestructure/driver/api/controller/product/find_product_by_category_controller.go:45.16,48.3 2 0
github.com/caiojorge/fiap-challenge-ddd/internal/infraestructure/driver/api/controller/product/find_product_by_category_controller.go:50.2,50.24 1 0
github.com/caiojorge/fiap-challenge-ddd/internal/infraestructure/driver/api/controller/product/find_product_by_category_controller.go:50.24,53.3 2 0
github.com/caiojorge/fiap-challenge-ddd/internal/infraestructure/driver/api/controller/product/find_product_by_category_controller.go:55.2,55.33 1 0
github.com/caiojorge/fiap-challenge-ddd/internal/infraestructure/driver/api/controller/product/find_product_by_id_controller.go:16.128,21.2 1 1
github.com/caiojorge/fiap-challenge-ddd/internal/infraestructure/driver/api/controller/product/find_product_by_id_controller.go:32.69,36.14 2 1
github.com/caiojorge/fiap-challenge-ddd/internal/infraestructure/driver/api/controller/product/find_product_by_id_controller.go:36.14,39.3 2 0
github.com/caiojorge/fiap-challenge-ddd/internal/infraestructure/driver/api/controller/product/find_product_by_id_controller.go:41.2,42.16 2 1
github.com/caiojorge/fiap-challenge-ddd/internal/infraestructure/driver/api/controller/product/find_product_by_id_controller.go:42.16,45.3 2 0
github.com/caiojorge/fiap-challenge-ddd/internal/infraestructure/driver/api/controller/product/find_product_by_id_controller.go:47.2,47.32 1 1
github.com/caiojorge/fiap-challenge-ddd/internal/infraestructure/driver/api/controller/product/register_product_controller.go:22.128,27.2 1 1
github.com/caiojorge/fiap-challenge-ddd/internal/infraestructure/driver/api/controller/product/register_product_controller.go:42.73,45.43 2 1
github.com/caiojorge/fiap-challenge-ddd/internal/infraestructure/driver/api/controller/product/register_product_controller.go:45.43,53.3 3 0
github.com/caiojorge/fiap-challenge-ddd/internal/infraestructure/driver/api/controller/product/register_product_controller.go:56.2,58.16 3 1
github.com/caiojorge/fiap-challenge-ddd/internal/infraestructure/driver/api/controller/product/register_product_controller.go:58.16,59.30 1 0
github.com/caiojorge/fiap-challenge-ddd/internal/infraestructure/driver/api/controller/product/register_product_controller.go:59.30,65.4 2 0
github.com/caiojorge/fiap-challenge-ddd/internal/infraestructure/driver/api/controller/product/register_product_controller.go:65.9,71.4 2 0
github.com/caiojorge/fiap-challenge-ddd/internal/infraestructure/driver/api/controller/product/register_product_controller.go:72.3,72.9 1 0
github.com/caiojorge/fiap-challenge-ddd/internal/infraestructure/driver/api/controller/product/register_product_controller.go:75.2,77.31 2 1
github.com/caiojorge/fiap-challenge-ddd/internal/infraestructure/driver/api/controller/product/update_product_controller.go:16.123,21.2 1 0
github.com/caiojorge/fiap-challenge-ddd/internal/infraestructure/driver/api/controller/product/update_product_controller.go:35.68,37.14 2 0
github.com/caiojorge/fiap-challenge-ddd/internal/infraestructure/driver/api/controller/product/update_product_controller.go:37.14,40.3 2 0
github.com/caiojorge/fiap-challenge-ddd/internal/infraestructure/driver/api/controller/product/update_product_controller.go:42.2,44.41 2 0
github.com/caiojorge/fiap-challenge-ddd/internal/infraestructure/driver/api/controller/product/update_product_controller.go:44.41,47.3 2 0
github.com/caiojorge/fiap-challenge-ddd/internal/infraestructure/driver/api/controller/product/update_product_controller.go:49.2,49.34 1 0
github.com/caiojorge/fiap-challenge-ddd/internal/infraestructure/driver/api/controller/product/update_product_controller.go:49.34,51.3 1 0
github.com/caiojorge/fiap-challenge-ddd/internal/infraestructure/driver/api/controller/product/update_product_controller.go:53.2,54.16 2 0
github.com/caiojorge/fiap-challenge-ddd/internal/infraestructure/driver/api/controller/product/update_product_controller.go:54.16,57.3 2 0
github.com/caiojorge/fiap-challenge-ddd/internal/infraestructure/driver/api/controller/product/update_product_controller.go:59.2,59.31 1 0
github.com/caiojorge/fiap-challenge-ddd/internal/shared/id_generator.go:5.30,7.2 1 1
