mode: set
github.com/caiojorge/fiap-challenge-ddd/cmd/kitchencontrol/main.go:25.13,36.2 5 0
github.com/caiojorge/fiap-challenge-ddd/docs/docs.go:225.13,227.2 1 0
github.com/caiojorge/fiap-challenge-ddd/internal/adapter/driven/converter/customer_converter.go:12.58,21.2 2 1
github.com/caiojorge/fiap-challenge-ddd/internal/adapter/driven/converter/customer_converter.go:24.55,27.16 2 1
github.com/caiojorge/fiap-challenge-ddd/internal/adapter/driven/converter/customer_converter.go:27.16,29.3 1 0
github.com/caiojorge/fiap-challenge-ddd/internal/adapter/driven/converter/customer_converter.go:31.2,33.17 3 1
github.com/caiojorge/fiap-challenge-ddd/internal/adapter/driven/converter/product_converter.go:10.46,12.2 1 0
github.com/caiojorge/fiap-challenge-ddd/internal/adapter/driven/converter/product_converter.go:14.79,23.2 1 0
github.com/caiojorge/fiap-challenge-ddd/internal/adapter/driven/converter/product_converter.go:26.76,29.2 2 0
github.com/caiojorge/fiap-challenge-ddd/internal/adapter/driven/model/customer_model.go:17.37,20.41 2 1
github.com/caiojorge/fiap-challenge-ddd/internal/adapter/driven/model/customer_model.go:20.41,22.3 1 1
github.com/caiojorge/fiap-challenge-ddd/internal/adapter/driven/model/customer_model.go:24.2,24.37 1 1
github.com/caiojorge/fiap-challenge-ddd/internal/adapter/driven/model/customer_model.go:24.37,26.3 1 1
github.com/caiojorge/fiap-challenge-ddd/internal/adapter/driven/model/customer_model.go:28.2,29.55 2 1
github.com/caiojorge/fiap-challenge-ddd/internal/adapter/driven/model/customer_model.go:29.55,31.3 1 1
github.com/caiojorge/fiap-challenge-ddd/internal/adapter/driven/model/customer_model.go:33.2,33.12 1 1
github.com/caiojorge/fiap-challenge-ddd/internal/adapter/driven/model/product_model.go:17.36,19.16 1 1
github.com/caiojorge/fiap-challenge-ddd/internal/adapter/driven/model/product_model.go:19.16,21.3 1 1
github.com/caiojorge/fiap-challenge-ddd/internal/adapter/driven/model/product_model.go:23.2,23.18 1 1
github.com/caiojorge/fiap-challenge-ddd/internal/adapter/driven/model/product_model.go:23.18,25.3 1 1
github.com/caiojorge/fiap-challenge-ddd/internal/adapter/driven/model/product_model.go:27.2,27.25 1 1
github.com/caiojorge/fiap-challenge-ddd/internal/adapter/driven/model/product_model.go:27.25,29.3 1 0
github.com/caiojorge/fiap-challenge-ddd/internal/adapter/driven/model/product_model.go:31.2,31.22 1 1
github.com/caiojorge/fiap-challenge-ddd/internal/adapter/driven/model/product_model.go:31.22,33.3 1 0
github.com/caiojorge/fiap-challenge-ddd/internal/adapter/driven/model/product_model.go:35.2,35.18 1 1
github.com/caiojorge/fiap-challenge-ddd/internal/adapter/driven/model/product_model.go:35.18,37.3 1 0
github.com/caiojorge/fiap-challenge-ddd/internal/adapter/driven/model/product_model.go:39.2,39.12 1 1
github.com/caiojorge/fiap-challenge-ddd/internal/adapter/driver/api/dto/customer_dto.go:14.60,18.2 3 0
github.com/caiojorge/fiap-challenge-ddd/internal/adapter/driver/api/dto/customer_dto.go:20.60,22.16 2 0
github.com/caiojorge/fiap-challenge-ddd/internal/adapter/driver/api/dto/customer_dto.go:22.16,24.3 1 0
github.com/caiojorge/fiap-challenge-ddd/internal/adapter/driver/api/dto/customer_dto.go:26.2,32.23 2 0
github.com/caiojorge/fiap-challenge-ddd/internal/adapter/driver/api/dto/product_dto.go:13.59,21.2 1 0
github.com/caiojorge/fiap-challenge-ddd/internal/adapter/driver/api/dto/product_dto.go:23.59,29.2 5 0
github.com/caiojorge/fiap-challenge-ddd/internal/adapter/driven/repositorygorm/customer_repository_gorm.go:18.69,22.2 1 1
github.com/caiojorge/fiap-challenge-ddd/internal/adapter/driven/repositorygorm/customer_repository_gorm.go:24.93,28.2 3 1
github.com/caiojorge/fiap-challenge-ddd/internal/adapter/driven/repositorygorm/customer_repository_gorm.go:30.93,34.25 2 1
github.com/caiojorge/fiap-challenge-ddd/internal/adapter/driven/repositorygorm/customer_repository_gorm.go:34.25,36.3 1 0
github.com/caiojorge/fiap-challenge-ddd/internal/adapter/driven/repositorygorm/customer_repository_gorm.go:38.2,38.12 1 1
github.com/caiojorge/fiap-challenge-ddd/internal/adapter/driven/repositorygorm/customer_repository_gorm.go:41.97,45.25 4 1
github.com/caiojorge/fiap-challenge-ddd/internal/adapter/driven/repositorygorm/customer_repository_gorm.go:45.25,46.54 1 0
github.com/caiojorge/fiap-challenge-ddd/internal/adapter/driven/repositorygorm/customer_repository_gorm.go:46.54,48.4 1 0
github.com/caiojorge/fiap-challenge-ddd/internal/adapter/driven/repositorygorm/customer_repository_gorm.go:49.3,49.27 1 0
github.com/caiojorge/fiap-challenge-ddd/internal/adapter/driven/repositorygorm/customer_repository_gorm.go:52.2,54.20 2 1
github.com/caiojorge/fiap-challenge-ddd/internal/adapter/driven/repositorygorm/customer_repository_gorm.go:57.91,60.25 3 1
github.com/caiojorge/fiap-challenge-ddd/internal/adapter/driven/repositorygorm/customer_repository_gorm.go:60.25,62.3 1 0
github.com/caiojorge/fiap-challenge-ddd/internal/adapter/driven/repositorygorm/customer_repository_gorm.go:64.2,66.39 2 1
github.com/caiojorge/fiap-challenge-ddd/internal/adapter/driven/repositorygorm/customer_repository_gorm.go:66.39,69.3 2 1
github.com/caiojorge/fiap-challenge-ddd/internal/adapter/driven/repositorygorm/customer_repository_gorm.go:71.2,71.24 1 1
github.com/caiojorge/fiap-challenge-ddd/internal/adapter/driven/repositorygorm/product_repository_gorm.go:20.129,25.2 1 1
github.com/caiojorge/fiap-challenge-ddd/internal/adapter/driven/repositorygorm/product_repository_gorm.go:27.91,37.2 6 1
github.com/caiojorge/fiap-challenge-ddd/internal/adapter/driven/repositorygorm/product_repository_gorm.go:39.91,42.25 2 1
github.com/caiojorge/fiap-challenge-ddd/internal/adapter/driven/repositorygorm/product_repository_gorm.go:42.25,44.3 1 0
github.com/caiojorge/fiap-challenge-ddd/internal/adapter/driven/repositorygorm/product_repository_gorm.go:46.2,46.12 1 1
github.com/caiojorge/fiap-challenge-ddd/internal/adapter/driven/repositorygorm/product_repository_gorm.go:49.95,53.25 4 1
github.com/caiojorge/fiap-challenge-ddd/internal/adapter/driven/repositorygorm/product_repository_gorm.go:53.25,54.54 1 1
github.com/caiojorge/fiap-challenge-ddd/internal/adapter/driven/repositorygorm/product_repository_gorm.go:54.54,56.4 1 1
github.com/caiojorge/fiap-challenge-ddd/internal/adapter/driven/repositorygorm/product_repository_gorm.go:57.3,57.27 1 0
github.com/caiojorge/fiap-challenge-ddd/internal/adapter/driven/repositorygorm/product_repository_gorm.go:60.2,62.20 2 1
github.com/caiojorge/fiap-challenge-ddd/internal/adapter/driven/repositorygorm/product_repository_gorm.go:65.89,68.25 3 1
github.com/caiojorge/fiap-challenge-ddd/internal/adapter/driven/repositorygorm/product_repository_gorm.go:68.25,70.3 1 0
github.com/caiojorge/fiap-challenge-ddd/internal/adapter/driven/repositorygorm/product_repository_gorm.go:72.2,74.37 2 1
github.com/caiojorge/fiap-challenge-ddd/internal/adapter/driven/repositorygorm/product_repository_gorm.go:74.37,77.3 2 1
github.com/caiojorge/fiap-challenge-ddd/internal/adapter/driven/repositorygorm/product_repository_gorm.go:79.2,79.23 1 1
github.com/caiojorge/fiap-challenge-ddd/internal/adapter/driven/repositorygorm/product_repository_gorm.go:82.78,85.25 3 1
github.com/caiojorge/fiap-challenge-ddd/internal/adapter/driven/repositorygorm/product_repository_gorm.go:85.25,86.54 1 0
github.com/caiojorge/fiap-challenge-ddd/internal/adapter/driven/repositorygorm/product_repository_gorm.go:86.54,89.4 2 0
github.com/caiojorge/fiap-challenge-ddd/internal/adapter/driven/repositorygorm/product_repository_gorm.go:90.3,90.22 1 0
github.com/caiojorge/fiap-challenge-ddd/internal/adapter/driven/repositorygorm/product_repository_gorm.go:93.2,94.25 2 1
github.com/caiojorge/fiap-challenge-ddd/internal/adapter/driven/repositorygorm/product_repository_gorm.go:94.25,96.3 1 0
github.com/caiojorge/fiap-challenge-ddd/internal/adapter/driven/repositorygorm/product_repository_gorm.go:98.2,98.12 1 1
github.com/caiojorge/fiap-challenge-ddd/internal/adapter/driven/repositorygorm/product_repository_gorm.go:101.103,104.25 3 1
github.com/caiojorge/fiap-challenge-ddd/internal/adapter/driven/repositorygorm/product_repository_gorm.go:104.25,105.54 1 0
github.com/caiojorge/fiap-challenge-ddd/internal/adapter/driven/repositorygorm/product_repository_gorm.go:105.54,107.4 1 0
github.com/caiojorge/fiap-challenge-ddd/internal/adapter/driven/repositorygorm/product_repository_gorm.go:108.3,108.27 1 0
github.com/caiojorge/fiap-challenge-ddd/internal/adapter/driven/repositorygorm/product_repository_gorm.go:111.2,113.20 2 1
github.com/caiojorge/fiap-challenge-ddd/internal/shared/id_generator.go:5.30,7.2 1 1
github.com/caiojorge/fiap-challenge-ddd/internal/adapter/driver/api/controller/product/register_product_controller.go:21.128,26.2 1 1
github.com/caiojorge/fiap-challenge-ddd/internal/adapter/driver/api/controller/product/register_product_controller.go:39.73,42.41 2 1
github.com/caiojorge/fiap-challenge-ddd/internal/adapter/driver/api/controller/product/register_product_controller.go:42.41,45.3 2 0
github.com/caiojorge/fiap-challenge-ddd/internal/adapter/driver/api/controller/product/register_product_controller.go:47.2,48.16 2 1
github.com/caiojorge/fiap-challenge-ddd/internal/adapter/driver/api/controller/product/register_product_controller.go:48.16,51.3 2 0
github.com/caiojorge/fiap-challenge-ddd/internal/adapter/driver/api/controller/product/register_product_controller.go:53.2,55.16 3 1
github.com/caiojorge/fiap-challenge-ddd/internal/adapter/driver/api/controller/product/register_product_controller.go:55.16,56.30 1 0
github.com/caiojorge/fiap-challenge-ddd/internal/adapter/driver/api/controller/product/register_product_controller.go:56.30,58.4 1 0
github.com/caiojorge/fiap-challenge-ddd/internal/adapter/driver/api/controller/product/register_product_controller.go:58.9,60.4 1 0
github.com/caiojorge/fiap-challenge-ddd/internal/adapter/driver/api/controller/product/register_product_controller.go:61.3,61.9 1 0
github.com/caiojorge/fiap-challenge-ddd/internal/adapter/driver/api/controller/product/register_product_controller.go:66.2,66.28 1 1
github.com/caiojorge/fiap-challenge-ddd/internal/adapter/driver/api/dto/customer_dto.go:14.60,18.2 3 0
github.com/caiojorge/fiap-challenge-ddd/internal/adapter/driver/api/dto/customer_dto.go:20.60,22.16 2 0
github.com/caiojorge/fiap-challenge-ddd/internal/adapter/driver/api/dto/customer_dto.go:22.16,24.3 1 0
github.com/caiojorge/fiap-challenge-ddd/internal/adapter/driver/api/dto/customer_dto.go:26.2,32.23 2 0
github.com/caiojorge/fiap-challenge-ddd/internal/adapter/driver/api/dto/product_dto.go:13.59,21.2 1 1
github.com/caiojorge/fiap-challenge-ddd/internal/adapter/driver/api/dto/product_dto.go:23.59,29.2 5 0
github.com/caiojorge/fiap-challenge-ddd/internal/adapter/driver/api/controller/customer/find_all_customers_controller.go:17.131,22.2 1 1
github.com/caiojorge/fiap-challenge-ddd/internal/adapter/driver/api/controller/customer/find_all_customers_controller.go:33.71,36.16 2 1
github.com/caiojorge/fiap-challenge-ddd/internal/adapter/driver/api/controller/customer/find_all_customers_controller.go:36.16,39.3 2 0
github.com/caiojorge/fiap-challenge-ddd/internal/adapter/driver/api/controller/customer/find_all_customers_controller.go:41.2,41.25 1 1
github.com/caiojorge/fiap-challenge-ddd/internal/adapter/driver/api/controller/customer/find_all_customers_controller.go:41.25,44.3 2 0
github.com/caiojorge/fiap-challenge-ddd/internal/adapter/driver/api/controller/customer/find_all_customers_controller.go:46.2,48.37 3 1
github.com/caiojorge/fiap-challenge-ddd/internal/adapter/driver/api/controller/customer/find_all_customers_controller.go:48.37,51.3 2 1
github.com/caiojorge/fiap-challenge-ddd/internal/adapter/driver/api/controller/customer/find_all_customers_controller.go:53.2,53.37 1 1
github.com/caiojorge/fiap-challenge-ddd/internal/adapter/driver/api/controller/customer/find_customer_by_cpf_controller.go:18.134,23.2 1 1
github.com/caiojorge/fiap-challenge-ddd/internal/adapter/driver/api/controller/customer/find_customer_by_cpf_controller.go:34.73,38.15 2 1
github.com/caiojorge/fiap-challenge-ddd/internal/adapter/driver/api/controller/customer/find_customer_by_cpf_controller.go:38.15,41.3 2 0
github.com/caiojorge/fiap-challenge-ddd/internal/adapter/driver/api/controller/customer/find_customer_by_cpf_controller.go:43.2,44.16 2 1
github.com/caiojorge/fiap-challenge-ddd/internal/adapter/driver/api/controller/customer/find_customer_by_cpf_controller.go:44.16,47.3 2 0
github.com/caiojorge/fiap-challenge-ddd/internal/adapter/driver/api/controller/customer/find_customer_by_cpf_controller.go:49.2,50.21 2 1
github.com/caiojorge/fiap-challenge-ddd/internal/adapter/driver/api/controller/customer/find_customer_by_cpf_controller.go:50.21,53.3 2 0
github.com/caiojorge/fiap-challenge-ddd/internal/adapter/driver/api/controller/customer/find_customer_by_cpf_controller.go:55.2,56.28 2 1
github.com/caiojorge/fiap-challenge-ddd/internal/adapter/driver/api/controller/customer/register_customer_controller.go:21.131,26.2 1 1
github.com/caiojorge/fiap-challenge-ddd/internal/adapter/driver/api/controller/customer/register_customer_controller.go:38.75,41.41 2 1
github.com/caiojorge/fiap-challenge-ddd/internal/adapter/driver/api/controller/customer/register_customer_controller.go:41.41,44.3 2 0
github.com/caiojorge/fiap-challenge-ddd/internal/adapter/driver/api/controller/customer/register_customer_controller.go:46.2,47.16 2 1
github.com/caiojorge/fiap-challenge-ddd/internal/adapter/driver/api/controller/customer/register_customer_controller.go:47.16,50.3 2 0
github.com/caiojorge/fiap-challenge-ddd/internal/adapter/driver/api/controller/customer/register_customer_controller.go:52.2,54.16 3 1
github.com/caiojorge/fiap-challenge-ddd/internal/adapter/driver/api/controller/customer/register_customer_controller.go:54.16,55.38 1 0
github.com/caiojorge/fiap-challenge-ddd/internal/adapter/driver/api/controller/customer/register_customer_controller.go:55.38,57.4 1 0
github.com/caiojorge/fiap-challenge-ddd/internal/adapter/driver/api/controller/customer/register_customer_controller.go:57.9,59.4 1 0
github.com/caiojorge/fiap-challenge-ddd/internal/adapter/driver/api/controller/customer/register_customer_controller.go:60.3,60.9 1 0
github.com/caiojorge/fiap-challenge-ddd/internal/adapter/driver/api/controller/customer/register_customer_controller.go:65.2,65.28 1 1
github.com/caiojorge/fiap-challenge-ddd/internal/adapter/driver/api/controller/customer/update_customer_controller.go:17.125,22.2 1 0
github.com/caiojorge/fiap-challenge-ddd/internal/adapter/driver/api/controller/customer/update_customer_controller.go:36.70,38.15 2 0
github.com/caiojorge/fiap-challenge-ddd/internal/adapter/driver/api/controller/customer/update_customer_controller.go:38.15,41.3 2 0
github.com/caiojorge/fiap-challenge-ddd/internal/adapter/driver/api/controller/customer/update_customer_controller.go:43.2,45.41 2 0
github.com/caiojorge/fiap-challenge-ddd/internal/adapter/driver/api/controller/customer/update_customer_controller.go:45.41,48.3 2 0
github.com/caiojorge/fiap-challenge-ddd/internal/adapter/driver/api/controller/customer/update_customer_controller.go:50.2,51.16 2 0
github.com/caiojorge/fiap-challenge-ddd/internal/adapter/driver/api/controller/customer/update_customer_controller.go:51.16,54.3 2 0
github.com/caiojorge/fiap-challenge-ddd/internal/adapter/driver/api/controller/customer/update_customer_controller.go:56.2,57.16 2 0
github.com/caiojorge/fiap-challenge-ddd/internal/adapter/driver/api/controller/customer/update_customer_controller.go:57.16,60.3 2 0
github.com/caiojorge/fiap-challenge-ddd/internal/adapter/driver/api/controller/customer/update_customer_controller.go:62.2,62.28 1 0
github.com/caiojorge/fiap-challenge-ddd/internal/adapter/driver/api/dto/customer_dto.go:14.60,18.2 3 1
github.com/caiojorge/fiap-challenge-ddd/internal/adapter/driver/api/dto/customer_dto.go:20.60,22.16 2 1
github.com/caiojorge/fiap-challenge-ddd/internal/adapter/driver/api/dto/customer_dto.go:22.16,24.3 1 0
github.com/caiojorge/fiap-challenge-ddd/internal/adapter/driver/api/dto/customer_dto.go:26.2,32.23 2 1
github.com/caiojorge/fiap-challenge-ddd/internal/adapter/driver/api/dto/product_dto.go:13.59,21.2 1 0
github.com/caiojorge/fiap-challenge-ddd/internal/adapter/driver/api/dto/product_dto.go:23.59,29.2 5 0
github.com/caiojorge/fiap-challenge-ddd/internal/adapter/driver/api/infra/db.go:22.59,30.2 1 1
github.com/caiojorge/fiap-challenge-ddd/internal/adapter/driver/api/infra/db.go:32.52,34.24 1 1
github.com/caiojorge/fiap-challenge-ddd/internal/adapter/driver/api/infra/db.go:34.24,36.3 1 1
github.com/caiojorge/fiap-challenge-ddd/internal/adapter/driver/api/infra/db.go:38.2,38.23 1 1
github.com/caiojorge/fiap-challenge-ddd/internal/adapter/driver/api/infra/db.go:38.23,40.3 1 0
github.com/caiojorge/fiap-challenge-ddd/internal/adapter/driver/api/infra/db.go:42.2,42.17 1 1
github.com/caiojorge/fiap-challenge-ddd/internal/adapter/driver/api/infra/db.go:42.17,44.3 1 0
github.com/caiojorge/fiap-challenge-ddd/internal/adapter/driver/api/infra/db.go:46.2,46.13 1 1
github.com/caiojorge/fiap-challenge-ddd/internal/adapter/driver/api/infra/db.go:49.37,51.16 2 1
github.com/caiojorge/fiap-challenge-ddd/internal/adapter/driver/api/infra/db.go:51.16,52.13 1 0
github.com/caiojorge/fiap-challenge-ddd/internal/adapter/driver/api/infra/db.go:54.2,55.11 2 1
github.com/caiojorge/fiap-challenge-ddd/internal/adapter/driver/api/infra/db.go:58.36,63.16 3 0
github.com/caiojorge/fiap-challenge-ddd/internal/adapter/driver/api/infra/db.go:63.16,65.3 1 0
github.com/caiojorge/fiap-challenge-ddd/internal/adapter/driver/api/infra/db.go:68.2,68.58 1 0
github.com/caiojorge/fiap-challenge-ddd/internal/adapter/driver/api/infra/db.go:68.58,70.3 1 0
github.com/caiojorge/fiap-challenge-ddd/internal/adapter/driver/api/infra/db.go:72.2,74.11 2 0
github.com/caiojorge/fiap-challenge-ddd/internal/adapter/driver/api/dto/customer_dto.go:14.60,18.2 3 0
github.com/caiojorge/fiap-challenge-ddd/internal/adapter/driver/api/dto/customer_dto.go:20.60,22.16 2 0
github.com/caiojorge/fiap-challenge-ddd/internal/adapter/driver/api/dto/customer_dto.go:22.16,24.3 1 0
github.com/caiojorge/fiap-challenge-ddd/internal/adapter/driver/api/dto/customer_dto.go:26.2,32.23 2 0
github.com/caiojorge/fiap-challenge-ddd/internal/adapter/driver/api/dto/product_dto.go:13.59,21.2 1 0
github.com/caiojorge/fiap-challenge-ddd/internal/adapter/driver/api/dto/product_dto.go:23.59,29.2 5 0
github.com/caiojorge/fiap-challenge-ddd/internal/adapter/driver/api/server/gin_server.go:20.29,23.2 2 1
github.com/caiojorge/fiap-challenge-ddd/internal/adapter/driver/api/server/gin_server.go:25.49,34.2 5 0
github.com/caiojorge/fiap-challenge-ddd/internal/adapter/driver/api/server/gin_server.go:34.2,49.3 10 0
github.com/caiojorge/fiap-challenge-ddd/internal/adapter/driver/api/server/gin_server.go:51.2,51.10 1 0
github.com/caiojorge/fiap-challenge-ddd/internal/adapter/driver/api/server/gin_server.go:54.25,65.23 8 0
github.com/caiojorge/fiap-challenge-ddd/internal/adapter/driver/api/server/gin_server.go:65.23,67.3 1 0
github.com/caiojorge/fiap-challenge-ddd/internal/adapter/driver/api/server/gin_server.go:69.2,69.19 1 0
github.com/caiojorge/fiap-challenge-ddd/internal/adapter/driver/api/server/gin_server.go:72.38,73.43 1 0
github.com/caiojorge/fiap-challenge-ddd/internal/adapter/driver/api/server/gin_server.go:73.43,75.3 1 0
github.com/caiojorge/fiap-challenge-ddd/internal/adapter/driver/api/server/gin_server.go:78.45,80.2 1 1
github.com/caiojorge/fiap-challenge-ddd/internal/shared/id_generator.go:5.30,7.2 1 0
github.com/caiojorge/fiap-challenge-ddd/internal/core/application/usecase/customer/customer_find_all.go:14.86,18.2 1 1
github.com/caiojorge/fiap-challenge-ddd/internal/core/application/usecase/customer/customer_find_all.go:21.101,24.16 2 1
github.com/caiojorge/fiap-challenge-ddd/internal/core/application/usecase/customer/customer_find_all.go:24.16,26.3 1 0
github.com/caiojorge/fiap-challenge-ddd/internal/core/application/usecase/customer/customer_find_all.go:28.2,28.23 1 1
github.com/caiojorge/fiap-challenge-ddd/internal/core/application/usecase/customer/customer_find_by_cpf.go:14.90,18.2 1 1
github.com/caiojorge/fiap-challenge-ddd/internal/core/application/usecase/customer/customer_find_by_cpf.go:21.114,24.16 2 1
github.com/caiojorge/fiap-challenge-ddd/internal/core/application/usecase/customer/customer_find_by_cpf.go:24.16,26.3 1 1
github.com/caiojorge/fiap-challenge-ddd/internal/core/application/usecase/customer/customer_find_by_cpf.go:28.2,28.22 1 1
github.com/caiojorge/fiap-challenge-ddd/internal/core/application/usecase/customer/customer_register.go:16.98,20.2 1 1
github.com/caiojorge/fiap-challenge-ddd/internal/core/application/usecase/customer/customer_register.go:23.106,27.55 3 1
github.com/caiojorge/fiap-challenge-ddd/internal/core/application/usecase/customer/customer_register.go:27.55,30.3 2 0
github.com/caiojorge/fiap-challenge-ddd/internal/core/application/usecase/customer/customer_register.go:32.2,32.26 1 1
github.com/caiojorge/fiap-challenge-ddd/internal/core/application/usecase/customer/customer_register.go:32.26,35.3 2 0
github.com/caiojorge/fiap-challenge-ddd/internal/core/application/usecase/customer/customer_register.go:37.2,40.16 3 1
github.com/caiojorge/fiap-challenge-ddd/internal/core/application/usecase/customer/customer_register.go:40.16,42.3 1 0
github.com/caiojorge/fiap-challenge-ddd/internal/core/application/usecase/customer/customer_register.go:44.2,44.12 1 1
github.com/caiojorge/fiap-challenge-ddd/internal/core/application/usecase/customer/customer_update.go:15.94,19.2 1 1
github.com/caiojorge/fiap-challenge-ddd/internal/core/application/usecase/customer/customer_update.go:22.102,26.55 3 1
github.com/caiojorge/fiap-challenge-ddd/internal/core/application/usecase/customer/customer_update.go:26.55,29.3 2 0
github.com/caiojorge/fiap-challenge-ddd/internal/core/application/usecase/customer/customer_update.go:31.2,34.16 3 1
github.com/caiojorge/fiap-challenge-ddd/internal/core/application/usecase/customer/customer_update.go:34.16,36.3 1 0
github.com/caiojorge/fiap-challenge-ddd/internal/core/application/usecase/customer/customer_update.go:38.2,38.12 1 1
github.com/caiojorge/fiap-challenge-ddd/internal/core/application/usecase/product/product_register.go:16.95,20.2 1 1
github.com/caiojorge/fiap-challenge-ddd/internal/core/application/usecase/product/product_register.go:23.102,28.54 3 1
github.com/caiojorge/fiap-challenge-ddd/internal/core/application/usecase/product/product_register.go:28.54,31.3 2 0
github.com/caiojorge/fiap-challenge-ddd/internal/core/application/usecase/product/product_register.go:33.2,33.24 1 1
github.com/caiojorge/fiap-challenge-ddd/internal/core/application/usecase/product/product_register.go:33.24,36.3 2 0
github.com/caiojorge/fiap-challenge-ddd/internal/core/application/usecase/product/product_register.go:38.2,41.16 3 1
github.com/caiojorge/fiap-challenge-ddd/internal/core/application/usecase/product/product_register.go:41.16,43.3 1 0
github.com/caiojorge/fiap-challenge-ddd/internal/core/application/usecase/product/product_register.go:45.2,45.12 1 1
github.com/caiojorge/fiap-challenge-ddd/internal/core/application/usecase/product/product_update.go:15.91,19.2 1 1
github.com/caiojorge/fiap-challenge-ddd/internal/core/application/usecase/product/product_update.go:22.98,26.54 3 1
github.com/caiojorge/fiap-challenge-ddd/internal/core/application/usecase/product/product_update.go:26.54,29.3 2 0
github.com/caiojorge/fiap-challenge-ddd/internal/core/application/usecase/product/product_update.go:31.2,33.16 3 1
github.com/caiojorge/fiap-challenge-ddd/internal/core/application/usecase/product/product_update.go:33.16,35.3 1 0
github.com/caiojorge/fiap-challenge-ddd/internal/core/application/usecase/product/product_update.go:37.2,37.12 1 1
github.com/caiojorge/fiap-challenge-ddd/internal/shared/id_generator.go:5.30,7.2 1 1
github.com/caiojorge/fiap-challenge-ddd/internal/core/domain/valueobject/cpf.go:12.41,19.16 3 1
github.com/caiojorge/fiap-challenge-ddd/internal/core/domain/valueobject/cpf.go:19.16,21.3 1 1
github.com/caiojorge/fiap-challenge-ddd/internal/core/domain/valueobject/cpf.go:23.2,23.17 1 1
github.com/caiojorge/fiap-challenge-ddd/internal/core/domain/valueobject/cpf.go:26.33,28.2 1 1
github.com/caiojorge/fiap-challenge-ddd/internal/core/domain/valueobject/cpf.go:30.32,36.2 3 1
github.com/caiojorge/fiap-challenge-ddd/internal/core/domain/valueobject/cpf.go:38.40,42.16 3 1
github.com/caiojorge/fiap-challenge-ddd/internal/core/domain/valueobject/cpf.go:42.16,44.3 1 0
github.com/caiojorge/fiap-challenge-ddd/internal/core/domain/valueobject/cpf.go:46.2,46.26 1 1
github.com/caiojorge/fiap-challenge-ddd/internal/core/domain/valueobject/cpf.go:49.37,53.2 2 1
github.com/caiojorge/fiap-challenge-ddd/internal/core/domain/entity/customer.go:19.64,20.16 1 1
github.com/caiojorge/fiap-challenge-ddd/internal/core/domain/entity/customer.go:20.16,23.3 1 1
github.com/caiojorge/fiap-challenge-ddd/internal/core/domain/entity/customer.go:25.2,25.26 1 1
github.com/caiojorge/fiap-challenge-ddd/internal/core/domain/entity/customer.go:25.26,27.3 1 0
github.com/caiojorge/fiap-challenge-ddd/internal/core/domain/entity/customer.go:29.2,31.8 1 1
github.com/caiojorge/fiap-challenge-ddd/internal/core/domain/entity/customer.go:35.63,41.16 4 1
github.com/caiojorge/fiap-challenge-ddd/internal/core/domain/entity/customer.go:41.16,43.3 1 0
github.com/caiojorge/fiap-challenge-ddd/internal/core/domain/entity/customer.go:45.2,45.12 1 1
github.com/caiojorge/fiap-challenge-ddd/internal/core/domain/entity/customer.go:49.78,59.16 3 1
github.com/caiojorge/fiap-challenge-ddd/internal/core/domain/entity/customer.go:59.16,61.3 1 0
github.com/caiojorge/fiap-challenge-ddd/internal/core/domain/entity/customer.go:63.2,63.22 1 1
github.com/caiojorge/fiap-challenge-ddd/internal/core/domain/entity/customer.go:66.46,68.2 1 1
github.com/caiojorge/fiap-challenge-ddd/internal/core/domain/entity/customer.go:70.37,72.2 1 1
github.com/caiojorge/fiap-challenge-ddd/internal/core/domain/entity/customer.go:74.38,76.2 1 1
github.com/caiojorge/fiap-challenge-ddd/internal/core/domain/entity/customer.go:79.37,81.28 1 1
github.com/caiojorge/fiap-challenge-ddd/internal/core/domain/entity/customer.go:81.28,83.3 1 0
github.com/caiojorge/fiap-challenge-ddd/internal/core/domain/entity/customer.go:85.2,85.18 1 1
github.com/caiojorge/fiap-challenge-ddd/internal/core/domain/entity/customer.go:85.18,87.3 1 0
github.com/caiojorge/fiap-challenge-ddd/internal/core/domain/entity/customer.go:89.2,89.48 1 1
github.com/caiojorge/fiap-challenge-ddd/internal/core/domain/entity/customer.go:89.48,91.3 1 0
github.com/caiojorge/fiap-challenge-ddd/internal/core/domain/entity/customer.go:93.2,93.12 1 1
github.com/caiojorge/fiap-challenge-ddd/internal/core/domain/entity/customer.go:97.41,101.2 2 1
github.com/caiojorge/fiap-challenge-ddd/internal/core/domain/entity/product.go:15.90,26.16 3 1
github.com/caiojorge/fiap-challenge-ddd/internal/core/domain/entity/product.go:26.16,28.3 1 0
github.com/caiojorge/fiap-challenge-ddd/internal/core/domain/entity/product.go:30.2,30.21 1 1
github.com/caiojorge/fiap-challenge-ddd/internal/core/domain/entity/product.go:33.36,35.18 1 1
github.com/caiojorge/fiap-challenge-ddd/internal/core/domain/entity/product.go:35.18,37.3 1 0
github.com/caiojorge/fiap-challenge-ddd/internal/core/domain/entity/product.go:39.2,39.25 1 1
github.com/caiojorge/fiap-challenge-ddd/internal/core/domain/entity/product.go:39.25,41.3 1 0
github.com/caiojorge/fiap-challenge-ddd/internal/core/domain/entity/product.go:43.2,43.18 1 1
github.com/caiojorge/fiap-challenge-ddd/internal/core/domain/entity/product.go:43.18,45.3 1 0
github.com/caiojorge/fiap-challenge-ddd/internal/core/domain/entity/product.go:47.2,47.22 1 1
github.com/caiojorge/fiap-challenge-ddd/internal/core/domain/entity/product.go:47.22,49.3 1 0
github.com/caiojorge/fiap-challenge-ddd/internal/core/domain/entity/product.go:51.2,51.12 1 1
github.com/caiojorge/fiap-challenge-ddd/internal/core/domain/entity/product.go:54.36,56.2 1 0
github.com/caiojorge/fiap-challenge-ddd/internal/core/domain/entity/product.go:58.43,60.2 1 0
github.com/caiojorge/fiap-challenge-ddd/internal/core/domain/entity/product.go:62.38,64.2 1 0
github.com/caiojorge/fiap-challenge-ddd/internal/core/domain/entity/product.go:66.40,68.2 1 0
github.com/caiojorge/fiap-challenge-ddd/internal/core/domain/entity/product.go:70.34,72.2 1 1
github.com/caiojorge/fiap-challenge-ddd/internal/core/domain/entity/product.go:74.40,76.2 1 0
github.com/caiojorge/fiap-challenge-ddd/internal/core/domain/entity/product.go:78.46,80.2 1 0
github.com/caiojorge/fiap-challenge-ddd/internal/shared/id_generator.go:5.30,7.2 1 1
github.com/caiojorge/fiap-challenge-ddd/internal/shared/id_generator.go:5.30,7.2 1 0
github.com/caiojorge/fiap-challenge-ddd/internal/shared/formatter/cpf_formatter.go:8.45,11.2 2 1
github.com/caiojorge/fiap-challenge-ddd/internal/shared/formatter/cpf_formatter.go:14.44,19.27 2 1
github.com/caiojorge/fiap-challenge-ddd/internal/shared/formatter/cpf_formatter.go:19.27,21.3 1 0
github.com/caiojorge/fiap-challenge-ddd/internal/shared/formatter/cpf_formatter.go:24.2,31.26 2 1
github.com/caiojorge/fiap-challenge-ddd/internal/shared/validator/cpf_validator.go:11.49,14.2 2 0
github.com/caiojorge/fiap-challenge-ddd/internal/shared/validator/cpf_validator.go:16.51,20.20 3 0
github.com/caiojorge/fiap-challenge-ddd/internal/shared/validator/cpf_validator.go:20.20,22.3 1 0
github.com/caiojorge/fiap-challenge-ddd/internal/shared/validator/cpf_validator.go:25.2,25.24 1 0
github.com/caiojorge/fiap-challenge-ddd/internal/shared/validator/cpf_validator.go:25.24,27.3 1 0
github.com/caiojorge/fiap-challenge-ddd/internal/shared/validator/cpf_validator.go:29.2,30.28 2 0
github.com/caiojorge/fiap-challenge-ddd/internal/shared/validator/cpf_validator.go:30.28,34.3 3 0
github.com/caiojorge/fiap-challenge-ddd/internal/shared/validator/cpf_validator.go:36.2,37.14 2 0
github.com/caiojorge/fiap-challenge-ddd/internal/shared/validator/cpf_validator.go:37.14,39.3 1 0
github.com/caiojorge/fiap-challenge-ddd/internal/shared/validator/cpf_validator.go:41.2,41.27 1 0
github.com/caiojorge/fiap-challenge-ddd/internal/shared/validator/cpf_validator.go:41.27,43.3 1 0
github.com/caiojorge/fiap-challenge-ddd/internal/shared/validator/cpf_validator.go:45.2,47.14 3 0
github.com/caiojorge/fiap-challenge-ddd/internal/shared/validator/cpf_validator.go:47.14,49.3 1 0
github.com/caiojorge/fiap-challenge-ddd/internal/shared/validator/cpf_validator.go:50.2,50.28 1 0
github.com/caiojorge/fiap-challenge-ddd/internal/shared/validator/cpf_validator.go:50.28,52.3 1 0
github.com/caiojorge/fiap-challenge-ddd/internal/shared/validator/cpf_validator.go:54.2,54.12 1 0
github.com/caiojorge/fiap-challenge-ddd/internal/shared/validator/cpf_validator.go:57.37,58.32 1 0
github.com/caiojorge/fiap-challenge-ddd/internal/shared/validator/cpf_validator.go:58.32,59.23 1 0
github.com/caiojorge/fiap-challenge-ddd/internal/shared/validator/cpf_validator.go:59.23,61.4 1 0
github.com/caiojorge/fiap-challenge-ddd/internal/shared/validator/cpf_validator.go:63.2,63.13 1 0
github.com/caiojorge/fiap-challenge-ddd/internal/shared/validator/email_validator.go:9.53,12.2 2 1
